{"/home/travis/build/npmtest/node-npmtest-gist-cli/test.js":{"path":"/home/travis/build/npmtest/node-npmtest-gist-cli/test.js","s":{"1":2,"2":2,"3":2,"4":2,"5":2,"6":2,"7":2,"8":1,"9":2,"10":2,"11":1,"12":1,"13":1,"14":1,"15":2,"16":2,"17":2,"18":2,"19":1,"20":1,"21":2,"22":2,"23":2,"24":1,"25":1,"26":1,"27":1,"28":1,"29":1,"30":1,"31":1,"32":1,"33":1,"34":1,"35":1,"36":1,"37":1,"38":1,"39":2,"40":2,"41":1,"42":2,"43":2,"44":1,"45":2,"46":2,"47":1,"48":2,"49":2,"50":1,"51":1,"52":1,"53":1,"54":1},"b":{"1":[2,1,1,1],"2":[1,1,1,1],"3":[1,1],"4":[1,1],"5":[1,1],"6":[1,1],"7":[1,1],"8":[1,1],"9":[1,1],"10":[1,1,1],"11":[1,1],"12":[1,1],"13":[1,1],"14":[1,1],"15":[1,1],"16":[1,1],"17":[1,1]},"f":{"1":2,"2":2,"3":2,"4":2,"5":2,"6":1,"7":1,"8":1,"9":2,"10":2,"11":2,"12":2,"13":1},"fnMap":{"1":{"name":"(anonymous_1)","line":12,"loc":{"start":{"line":12,"column":1},"end":{"line":12,"column":13}}},"2":{"name":"(anonymous_2)","line":19,"loc":{"start":{"line":19,"column":5},"end":{"line":19,"column":17}}},"3":{"name":"(anonymous_3)","line":23,"loc":{"start":{"line":23,"column":24},"end":{"line":23,"column":36}}},"4":{"name":"(anonymous_4)","line":61,"loc":{"start":{"line":61,"column":5},"end":{"line":61,"column":17}}},"5":{"name":"(anonymous_5)","line":82,"loc":{"start":{"line":82,"column":5},"end":{"line":82,"column":17}}},"6":{"name":"(anonymous_6)","line":91,"loc":{"start":{"line":91,"column":77},"end":{"line":94,"column":10}}},"7":{"name":"(anonymous_7)","line":112,"loc":{"start":{"line":112,"column":83},"end":{"line":115,"column":10}},"skip":true},"8":{"name":"(anonymous_8)","line":123,"loc":{"start":{"line":123,"column":77},"end":{"line":126,"column":10}},"skip":true},"9":{"name":"(anonymous_9)","line":139,"loc":{"start":{"line":139,"column":12},"end":{"line":139,"column":40}},"skip":true},"10":{"name":"(anonymous_10)","line":147,"loc":{"start":{"line":147,"column":77},"end":{"line":150,"column":10}},"skip":true},"11":{"name":"(anonymous_11)","line":158,"loc":{"start":{"line":158,"column":83},"end":{"line":161,"column":10}},"skip":true},"12":{"name":"(anonymous_12)","line":169,"loc":{"start":{"line":169,"column":79},"end":{"line":172,"column":10}},"skip":true},"13":{"name":"(anonymous_13)","line":180,"loc":{"start":{"line":180,"column":75},"end":{"line":183,"column":10}},"skip":true}},"statementMap":{"1":{"start":{"line":12,"column":0},"end":{"line":195,"column":5}},"2":{"start":{"line":14,"column":4},"end":{"line":14,"column":14}},"3":{"start":{"line":19,"column":4},"end":{"line":56,"column":9}},"4":{"start":{"line":21,"column":8},"end":{"line":21,"column":19}},"5":{"start":{"line":23,"column":8},"end":{"line":35,"column":13}},"6":{"start":{"line":24,"column":12},"end":{"line":34,"column":13}},"7":{"start":{"line":25,"column":16},"end":{"line":28,"column":30}},"8":{"start":{"line":30,"column":16},"end":{"line":33,"column":27}},"9":{"start":{"line":37,"column":8},"end":{"line":39,"column":21}},"10":{"start":{"line":40,"column":8},"end":{"line":53,"column":9}},"11":{"start":{"line":43,"column":12},"end":{"line":46,"column":14}},"12":{"start":{"line":47,"column":12},"end":{"line":47,"column":18}},"13":{"start":{"line":50,"column":12},"end":{"line":51,"column":46}},"14":{"start":{"line":52,"column":12},"end":{"line":52,"column":18}},"15":{"start":{"line":55,"column":8},"end":{"line":55,"column":35}},"16":{"start":{"line":61,"column":4},"end":{"line":63,"column":9}},"17":{"start":{"line":62,"column":8},"end":{"line":62,"column":15}},"18":{"start":{"line":64,"column":4},"end":{"line":77,"column":5}},"19":{"start":{"line":70,"column":8},"end":{"line":70,"column":14}},"20":{"start":{"line":76,"column":8},"end":{"line":76,"column":14}},"21":{"start":{"line":82,"column":4},"end":{"line":84,"column":9}},"22":{"start":{"line":83,"column":8},"end":{"line":83,"column":15}},"23":{"start":{"line":85,"column":4},"end":{"line":194,"column":5}},"24":{"start":{"line":91,"column":8},"end":{"line":99,"column":10}},"25":{"start":{"line":98,"column":12},"end":{"line":98,"column":35}},"26":{"start":{"line":102,"column":8},"end":{"line":104,"column":63}},"27":{"start":{"line":105,"column":8},"end":{"line":105,"column":14}},"28":{"start":{"line":112,"column":8},"end":{"line":121,"column":10},"skip":true},"29":{"start":{"line":119,"column":12},"end":{"line":119,"column":55},"skip":true},"30":{"start":{"line":120,"column":12},"end":{"line":120,"column":48},"skip":true},"31":{"start":{"line":123,"column":8},"end":{"line":136,"column":10},"skip":true},"32":{"start":{"line":130,"column":12},"end":{"line":130,"column":76},"skip":true},"33":{"start":{"line":131,"column":12},"end":{"line":131,"column":73},"skip":true},"34":{"start":{"line":132,"column":12},"end":{"line":132,"column":74},"skip":true},"35":{"start":{"line":133,"column":12},"end":{"line":133,"column":79},"skip":true},"36":{"start":{"line":134,"column":12},"end":{"line":134,"column":25},"skip":true},"37":{"start":{"line":135,"column":12},"end":{"line":135,"column":45},"skip":true},"38":{"start":{"line":138,"column":8},"end":{"line":145,"column":14},"skip":true},"39":{"start":{"line":143,"column":16},"end":{"line":143,"column":29},"skip":true},"40":{"start":{"line":144,"column":16},"end":{"line":144,"column":55},"skip":true},"41":{"start":{"line":147,"column":8},"end":{"line":156,"column":10},"skip":true},"42":{"start":{"line":154,"column":12},"end":{"line":154,"column":25},"skip":true},"43":{"start":{"line":155,"column":12},"end":{"line":155,"column":45},"skip":true},"44":{"start":{"line":158,"column":8},"end":{"line":167,"column":10},"skip":true},"45":{"start":{"line":165,"column":12},"end":{"line":165,"column":25},"skip":true},"46":{"start":{"line":166,"column":12},"end":{"line":166,"column":48},"skip":true},"47":{"start":{"line":169,"column":8},"end":{"line":178,"column":10},"skip":true},"48":{"start":{"line":176,"column":12},"end":{"line":176,"column":25},"skip":true},"49":{"start":{"line":177,"column":12},"end":{"line":177,"column":46},"skip":true},"50":{"start":{"line":180,"column":8},"end":{"line":189,"column":10},"skip":true},"51":{"start":{"line":187,"column":12},"end":{"line":187,"column":94},"skip":true},"52":{"start":{"line":188,"column":12},"end":{"line":188,"column":48},"skip":true},"53":{"start":{"line":192,"column":8},"end":{"line":192,"column":35},"skip":true},"54":{"start":{"line":193,"column":8},"end":{"line":193,"column":14},"skip":true}},"branchMap":{"1":{"line":25,"type":"binary-expr","locations":[{"start":{"line":25,"column":23},"end":{"line":25,"column":62}},{"start":{"line":26,"column":20},"end":{"line":26,"column":70}},{"start":{"line":27,"column":20},"end":{"line":27,"column":71}},{"start":{"line":28,"column":20},"end":{"line":28,"column":29}}]},"2":{"line":30,"type":"binary-expr","locations":[{"start":{"line":30,"column":23},"end":{"line":30,"column":37}},{"start":{"line":31,"column":20},"end":{"line":31,"column":61}},{"start":{"line":32,"column":20},"end":{"line":32,"column":70}},{"start":{"line":33,"column":20},"end":{"line":33,"column":26}}]},"3":{"line":37,"type":"cond-expr","locations":[{"start":{"line":38,"column":14},"end":{"line":38,"column":20}},{"start":{"line":39,"column":14},"end":{"line":39,"column":20}}]},"4":{"line":40,"type":"switch","locations":[{"start":{"line":42,"column":8},"end":{"line":47,"column":18}},{"start":{"line":49,"column":8},"end":{"line":52,"column":18}}]},"5":{"line":44,"type":"binary-expr","locations":[{"start":{"line":44,"column":16},"end":{"line":44,"column":44}},{"start":{"line":44,"column":48},"end":{"line":44,"column":66}}]},"6":{"line":50,"type":"binary-expr","locations":[{"start":{"line":50,"column":21},"end":{"line":50,"column":49}},{"start":{"line":50,"column":53},"end":{"line":50,"column":72}}]},"7":{"line":64,"type":"switch","locations":[{"start":{"line":69,"column":4},"end":{"line":70,"column":14}},{"start":{"line":75,"column":4},"end":{"line":76,"column":14}}]},"8":{"line":85,"type":"switch","locations":[{"start":{"line":90,"column":4},"end":{"line":105,"column":14}},{"start":{"line":111,"column":4},"end":{"line":193,"column":14},"skip":true}]},"9":{"line":91,"type":"binary-expr","locations":[{"start":{"line":91,"column":42},"end":{"line":91,"column":73}},{"start":{"line":91,"column":77},"end":{"line":99,"column":9}}]},"10":{"line":102,"type":"binary-expr","locations":[{"start":{"line":102,"column":18},"end":{"line":102,"column":32}},{"start":{"line":103,"column":12},"end":{"line":103,"column":53}},{"start":{"line":104,"column":12},"end":{"line":104,"column":61}}]},"11":{"line":112,"type":"binary-expr","locations":[{"start":{"line":112,"column":45},"end":{"line":112,"column":79},"skip":true},{"start":{"line":112,"column":83},"end":{"line":121,"column":9},"skip":true}]},"12":{"line":123,"type":"binary-expr","locations":[{"start":{"line":123,"column":42},"end":{"line":123,"column":73},"skip":true},{"start":{"line":123,"column":77},"end":{"line":136,"column":9},"skip":true}]},"13":{"line":138,"type":"binary-expr","locations":[{"start":{"line":138,"column":48},"end":{"line":138,"column":85},"skip":true},{"start":{"line":139,"column":12},"end":{"line":145,"column":13},"skip":true}]},"14":{"line":147,"type":"binary-expr","locations":[{"start":{"line":147,"column":42},"end":{"line":147,"column":73},"skip":true},{"start":{"line":147,"column":77},"end":{"line":156,"column":9},"skip":true}]},"15":{"line":158,"type":"binary-expr","locations":[{"start":{"line":158,"column":45},"end":{"line":158,"column":79},"skip":true},{"start":{"line":158,"column":83},"end":{"line":167,"column":9},"skip":true}]},"16":{"line":169,"type":"binary-expr","locations":[{"start":{"line":169,"column":43},"end":{"line":169,"column":75},"skip":true},{"start":{"line":169,"column":79},"end":{"line":178,"column":9},"skip":true}]},"17":{"line":180,"type":"binary-expr","locations":[{"start":{"line":180,"column":41},"end":{"line":180,"column":71},"skip":true},{"start":{"line":180,"column":75},"end":{"line":189,"column":9},"skip":true}]}},"code":["/* istanbul instrument in package npmtest_gist_cli */","/*jslint","    bitwise: true,","    browser: true,","    maxerr: 8,","    maxlen: 96,","    node: true,","    nomen: true,","    regexp: true,","    stupid: true","*/","(function () {","    'use strict';","    var local;","","","","    // run shared js-env code - pre-init","    (function () {","        // init local","        local = {};","        // init modeJs","        local.modeJs = (function () {","            try {","                return typeof navigator.userAgent === 'string' &&","                    typeof document.querySelector('body') === 'object' &&","                    typeof XMLHttpRequest.prototype.open === 'function' &&","                    'browser';","            } catch (errorCaughtBrowser) {","                return module.exports &&","                    typeof process.versions.node === 'string' &&","                    typeof require('http').createServer === 'function' &&","                    'node';","            }","        }());","        // init global","        local.global = local.modeJs === 'browser'","            ? window","            : global;","        switch (local.modeJs) {","        // re-init local from window.local","        case 'browser':","            local = local.global.utility2.objectSetDefault(","                local.global.utility2_rollup || local.global.local,","                local.global.utility2","            );","            break;","        // re-init local from example.js","        case 'node':","            local = (local.global.utility2_rollup || require('utility2'))","                .requireExampleJsFromReadme();","            break;","        }","        // export local","        local.global.local = local;","    }());","","","","    // run shared js-env code - function","    (function () {","        return;","    }());","    switch (local.modeJs) {","","","","    // run browser js-env code - function","    case 'browser':","        break;","","","","    // run node js-env code - function","    case 'node':","        break;","    }","","","","    // run shared js-env code - post-init","    (function () {","        return;","    }());","    switch (local.modeJs) {","","","","    // run browser js-env code - post-init","    case 'browser':","        local.testCase_browser_nullCase = local.testCase_browser_nullCase || function (","            options,","            onError","        ) {","        /*","         * this function will test browsers's null-case handling-behavior-behavior","         */","            onError(null, options);","        };","","        // run tests","        local.nop(local.modeTest &&","            document.querySelector('#testRunButton1') &&","            document.querySelector('#testRunButton1').click());","        break;","","","","    // run node js-env code - post-init","    /* istanbul ignore next */","    case 'node':","        local.testCase_buildApidoc_default = local.testCase_buildApidoc_default || function (","            options,","            onError","        ) {","        /*","         * this function will test buildApidoc's default handling-behavior-behavior","         */","            options = { modulePathList: module.paths };","            local.buildApidoc(options, onError);","        };","","        local.testCase_buildApp_default = local.testCase_buildApp_default || function (","            options,","            onError","        ) {","        /*","         * this function will test buildApp's default handling-behavior-behavior","         */","            local.testCase_buildReadme_default(options, local.onErrorThrow);","            local.testCase_buildLib_default(options, local.onErrorThrow);","            local.testCase_buildTest_default(options, local.onErrorThrow);","            local.testCase_buildCustomOrg_default(options, local.onErrorThrow);","            options = [];","            local.buildApp(options, onError);","        };","","        local.testCase_buildCustomOrg_default = local.testCase_buildCustomOrg_default ||","            function (options, onError) {","            /*","             * this function will test buildCustomOrg's default handling-behavior","             */","                options = {};","                local.buildCustomOrg(options, onError);","            };","","        local.testCase_buildLib_default = local.testCase_buildLib_default || function (","            options,","            onError","        ) {","        /*","         * this function will test buildLib's default handling-behavior","         */","            options = {};","            local.buildLib(options, onError);","        };","","        local.testCase_buildReadme_default = local.testCase_buildReadme_default || function (","            options,","            onError","        ) {","        /*","         * this function will test buildReadme's default handling-behavior-behavior","         */","            options = {};","            local.buildReadme(options, onError);","        };","","        local.testCase_buildTest_default = local.testCase_buildTest_default || function (","            options,","            onError","        ) {","        /*","         * this function will test buildTest's default handling-behavior","         */","            options = {};","            local.buildTest(options, onError);","        };","","        local.testCase_webpage_default = local.testCase_webpage_default || function (","            options,","            onError","        ) {","        /*","         * this function will test webpage's default handling-behavior","         */","            options = { modeCoverageMerge: true, url: local.serverLocalHost + '?modeTest=1' };","            local.browserTest(options, onError);","        };","","        // run test-server","        local.testRunServer(local);","        break;","    }","}());",""],"l":{"12":2,"14":2,"19":2,"21":2,"23":2,"24":2,"25":2,"30":1,"37":2,"40":2,"43":1,"47":1,"50":1,"52":1,"55":2,"61":2,"62":2,"64":2,"70":1,"76":1,"82":2,"83":2,"85":2,"91":1,"98":1,"102":1,"105":1,"112":1,"119":1,"120":1,"123":1,"130":1,"131":1,"132":1,"133":1,"134":1,"135":1,"138":1,"143":2,"144":2,"147":1,"154":2,"155":2,"158":1,"165":2,"166":2,"169":1,"176":2,"177":2,"180":1,"187":1,"188":1,"192":1,"193":1}},"/home/travis/build/npmtest/node-npmtest-gist-cli/lib.npmtest_gist_cli.js":{"path":"/home/travis/build/npmtest/node-npmtest-gist-cli/lib.npmtest_gist_cli.js","s":{"1":2,"2":2,"3":2,"4":2,"5":2,"6":2,"7":2,"8":1,"9":2,"10":2,"11":2,"12":2,"13":1,"14":1,"15":1,"16":1},"b":{"1":[2,1,1,1],"2":[1,1,1,1],"3":[1,1],"4":[2,2],"5":[1,1]},"f":{"1":2,"2":2,"3":2},"fnMap":{"1":{"name":"(anonymous_1)","line":12,"loc":{"start":{"line":12,"column":1},"end":{"line":12,"column":13}}},"2":{"name":"(anonymous_2)","line":19,"loc":{"start":{"line":19,"column":5},"end":{"line":19,"column":17}}},"3":{"name":"(anonymous_3)","line":23,"loc":{"start":{"line":23,"column":24},"end":{"line":23,"column":36}}}},"statementMap":{"1":{"start":{"line":12,"column":0},"end":{"line":53,"column":5}},"2":{"start":{"line":14,"column":4},"end":{"line":14,"column":14}},"3":{"start":{"line":19,"column":4},"end":{"line":52,"column":9}},"4":{"start":{"line":21,"column":8},"end":{"line":21,"column":19}},"5":{"start":{"line":23,"column":8},"end":{"line":35,"column":13}},"6":{"start":{"line":24,"column":12},"end":{"line":34,"column":13}},"7":{"start":{"line":25,"column":16},"end":{"line":28,"column":30}},"8":{"start":{"line":30,"column":16},"end":{"line":33,"column":27}},"9":{"start":{"line":37,"column":8},"end":{"line":39,"column":21}},"10":{"start":{"line":41,"column":8},"end":{"line":41,"column":54}},"11":{"start":{"line":43,"column":8},"end":{"line":43,"column":53}},"12":{"start":{"line":45,"column":8},"end":{"line":51,"column":9}},"13":{"start":{"line":46,"column":12},"end":{"line":46,"column":59}},"14":{"start":{"line":48,"column":12},"end":{"line":48,"column":35}},"15":{"start":{"line":49,"column":12},"end":{"line":49,"column":49}},"16":{"start":{"line":50,"column":12},"end":{"line":50,"column":43}}},"branchMap":{"1":{"line":25,"type":"binary-expr","locations":[{"start":{"line":25,"column":23},"end":{"line":25,"column":62}},{"start":{"line":26,"column":20},"end":{"line":26,"column":70}},{"start":{"line":27,"column":20},"end":{"line":27,"column":71}},{"start":{"line":28,"column":20},"end":{"line":28,"column":29}}]},"2":{"line":30,"type":"binary-expr","locations":[{"start":{"line":30,"column":23},"end":{"line":30,"column":37}},{"start":{"line":31,"column":20},"end":{"line":31,"column":61}},{"start":{"line":32,"column":20},"end":{"line":32,"column":70}},{"start":{"line":33,"column":20},"end":{"line":33,"column":26}}]},"3":{"line":37,"type":"cond-expr","locations":[{"start":{"line":38,"column":14},"end":{"line":38,"column":20}},{"start":{"line":39,"column":14},"end":{"line":39,"column":20}}]},"4":{"line":41,"type":"binary-expr","locations":[{"start":{"line":41,"column":16},"end":{"line":41,"column":44}},{"start":{"line":41,"column":48},"end":{"line":41,"column":53}}]},"5":{"line":45,"type":"if","locations":[{"start":{"line":45,"column":8},"end":{"line":45,"column":8}},{"start":{"line":45,"column":8},"end":{"line":45,"column":8}}]}},"code":["/* istanbul instrument in package npmtest_gist_cli */","/*jslint","    bitwise: true,","    browser: true,","    maxerr: 8,","    maxlen: 96,","    node: true,","    nomen: true,","    regexp: true,","    stupid: true","*/","(function () {","    'use strict';","    var local;","","","","    // run shared js-env code - pre-init","    (function () {","        // init local","        local = {};","        // init modeJs","        local.modeJs = (function () {","            try {","                return typeof navigator.userAgent === 'string' &&","                    typeof document.querySelector('body') === 'object' &&","                    typeof XMLHttpRequest.prototype.open === 'function' &&","                    'browser';","            } catch (errorCaughtBrowser) {","                return module.exports &&","                    typeof process.versions.node === 'string' &&","                    typeof require('http').createServer === 'function' &&","                    'node';","            }","        }());","        // init global","        local.global = local.modeJs === 'browser'","            ? window","            : global;","        // init utility2_rollup","        local = local.global.utility2_rollup || local;","        // init lib","        local.local = local.npmtest_gist_cli = local;","        // init exports","        if (local.modeJs === 'browser') {","            local.global.utility2_npmtest_gist_cli = local;","        } else {","            module.exports = local;","            module.exports.__dirname = __dirname;","            module.exports.module = module;","        }","    }());","}());",""],"l":{"12":2,"14":2,"19":2,"21":2,"23":2,"24":2,"25":2,"30":1,"37":2,"41":2,"43":2,"45":2,"46":1,"48":1,"49":1,"50":1}},"/home/travis/build/npmtest/node-npmtest-gist-cli/example.js":{"path":"/home/travis/build/npmtest/node-npmtest-gist-cli/example.js","s":{"1":2,"2":2,"3":2,"4":2,"5":2,"6":2,"7":2,"8":1,"9":2,"10":2,"11":2,"12":2,"13":1,"14":2,"15":2,"16":2,"17":2,"18":2,"19":0,"20":2,"21":1,"22":1,"23":1,"24":1,"25":1,"26":0,"27":0,"28":1,"29":1,"30":2,"31":0,"32":0,"33":0,"34":1,"35":2,"36":2,"37":3,"38":3,"39":3,"40":3,"41":0,"42":3,"43":3,"44":3,"45":1,"46":3,"47":1,"48":1,"49":1,"50":1,"51":1,"52":1,"53":1,"54":1,"55":1,"56":1,"57":0,"58":1,"59":6,"60":6,"61":1,"62":2,"63":0,"64":2,"65":1,"66":1,"67":0,"68":0,"69":0,"70":0,"71":0,"72":0,"73":0,"74":0,"75":0,"76":0,"77":0,"78":0,"79":0,"80":0,"81":0,"82":0,"83":0},"b":{"1":[2,1,1,1],"2":[1,1,1,1],"3":[1,1],"4":[2,2],"5":[1,1],"6":[1,1],"7":[2,0],"8":[2,1,1,1,1,1],"9":[0,2,0],"10":[1,1],"11":[2,1,1],"12":[1,0],"13":[0,2],"14":[2,0,0,0,0,0,0],"15":[0,3],"16":[3,0],"17":[1,1],"18":[0,1],"19":[1,2,0,2],"20":[1,0],"21":[1,1],"22":[0,0],"23":[0,0],"24":[0,0],"25":[0,0],"26":[0,0],"27":[0,0],"28":[0,0]},"f":{"1":2,"2":2,"3":2,"4":2,"5":2,"6":2,"7":3,"8":3,"9":3,"10":1,"11":6,"12":0},"fnMap":{"1":{"name":"(anonymous_1)","line":26,"loc":{"start":{"line":26,"column":1},"end":{"line":26,"column":13}}},"2":{"name":"(anonymous_2)","line":33,"loc":{"start":{"line":33,"column":5},"end":{"line":33,"column":17}}},"3":{"name":"(anonymous_3)","line":37,"loc":{"start":{"line":37,"column":24},"end":{"line":37,"column":36}}},"4":{"name":"(anonymous_4)","line":69,"loc":{"start":{"line":69,"column":31},"end":{"line":69,"column":48}},"skip":true},"5":{"name":"(anonymous_5)","line":78,"loc":{"start":{"line":78,"column":26},"end":{"line":78,"column":45}},"skip":true},"6":{"name":"(anonymous_6)","line":123,"loc":{"start":{"line":123,"column":33},"end":{"line":123,"column":48}},"skip":true},"7":{"name":"(anonymous_7)","line":125,"loc":{"start":{"line":125,"column":27},"end":{"line":125,"column":39}},"skip":true},"8":{"name":"(anonymous_8)","line":133,"loc":{"start":{"line":133,"column":59},"end":{"line":133,"column":74}},"skip":true},"9":{"name":"(anonymous_9)","line":143,"loc":{"start":{"line":143,"column":45},"end":{"line":143,"column":62}},"skip":true},"10":{"name":"(anonymous_10)","line":144,"loc":{"start":{"line":144,"column":73},"end":{"line":144,"column":92}},"skip":true},"11":{"name":"(anonymous_11)","line":272,"loc":{"start":{"line":272,"column":51},"end":{"line":272,"column":77}},"skip":true},"12":{"name":"(anonymous_12)","line":315,"loc":{"start":{"line":315,"column":32},"end":{"line":315,"column":61}},"skip":true}},"statementMap":{"1":{"start":{"line":26,"column":0},"end":{"line":326,"column":5}},"2":{"start":{"line":28,"column":4},"end":{"line":28,"column":14}},"3":{"start":{"line":33,"column":4},"end":{"line":60,"column":9}},"4":{"start":{"line":35,"column":8},"end":{"line":35,"column":19}},"5":{"start":{"line":37,"column":8},"end":{"line":49,"column":13}},"6":{"start":{"line":38,"column":12},"end":{"line":48,"column":13}},"7":{"start":{"line":39,"column":16},"end":{"line":42,"column":30}},"8":{"start":{"line":44,"column":16},"end":{"line":47,"column":27}},"9":{"start":{"line":51,"column":8},"end":{"line":53,"column":21}},"10":{"start":{"line":55,"column":8},"end":{"line":57,"column":45}},"11":{"start":{"line":59,"column":8},"end":{"line":59,"column":35}},"12":{"start":{"line":61,"column":4},"end":{"line":325,"column":5}},"13":{"start":{"line":69,"column":8},"end":{"line":121,"column":10},"skip":true},"14":{"start":{"line":70,"column":12},"end":{"line":88,"column":13},"skip":true},"15":{"start":{"line":76,"column":16},"end":{"line":87,"column":19},"skip":true},"16":{"start":{"line":79,"column":20},"end":{"line":86,"column":21},"skip":true},"17":{"start":{"line":82,"column":24},"end":{"line":82,"column":43},"skip":true},"18":{"start":{"line":83,"column":24},"end":{"line":83,"column":30},"skip":true},"19":{"start":{"line":85,"column":24},"end":{"line":85,"column":49},"skip":true},"20":{"start":{"line":89,"column":12},"end":{"line":107,"column":13},"skip":true},"21":{"start":{"line":92,"column":16},"end":{"line":102,"column":17},"skip":true},"22":{"start":{"line":93,"column":20},"end":{"line":93,"column":86},"skip":true},"23":{"start":{"line":94,"column":20},"end":{"line":95,"column":45},"skip":true},"24":{"start":{"line":96,"column":20},"end":{"line":96,"column":42},"skip":true},"25":{"start":{"line":97,"column":20},"end":{"line":97,"column":48},"skip":true},"26":{"start":{"line":100,"column":20},"end":{"line":100,"column":85},"skip":true},"27":{"start":{"line":101,"column":20},"end":{"line":101,"column":96},"skip":true},"28":{"start":{"line":103,"column":16},"end":{"line":103,"column":22},"skip":true},"29":{"start":{"line":106,"column":16},"end":{"line":106,"column":22},"skip":true},"30":{"start":{"line":108,"column":12},"end":{"line":120,"column":13},"skip":true},"31":{"start":{"line":114,"column":16},"end":{"line":119,"column":17},"skip":true},"32":{"start":{"line":116,"column":20},"end":{"line":116,"column":78},"skip":true},"33":{"start":{"line":118,"column":20},"end":{"line":118,"column":47},"skip":true},"34":{"start":{"line":123,"column":8},"end":{"line":141,"column":11},"skip":true},"35":{"start":{"line":124,"column":12},"end":{"line":124,"column":54},"skip":true},"36":{"start":{"line":125,"column":12},"end":{"line":140,"column":14},"skip":true},"37":{"start":{"line":126,"column":16},"end":{"line":126,"column":28},"skip":true},"38":{"start":{"line":127,"column":16},"end":{"line":127,"column":69},"skip":true},"39":{"start":{"line":128,"column":16},"end":{"line":128,"column":75},"skip":true},"40":{"start":{"line":129,"column":16},"end":{"line":131,"column":17},"skip":true},"41":{"start":{"line":130,"column":20},"end":{"line":130,"column":27},"skip":true},"42":{"start":{"line":133,"column":16},"end":{"line":137,"column":36},"skip":true},"43":{"start":{"line":134,"column":20},"end":{"line":136,"column":55},"skip":true},"44":{"start":{"line":139,"column":16},"end":{"line":139,"column":57},"skip":true},"45":{"start":{"line":143,"column":8},"end":{"line":147,"column":11},"skip":true},"46":{"start":{"line":144,"column":12},"end":{"line":146,"column":15},"skip":true},"47":{"start":{"line":145,"column":16},"end":{"line":145,"column":70},"skip":true},"48":{"start":{"line":149,"column":8},"end":{"line":149,"column":31},"skip":true},"49":{"start":{"line":150,"column":8},"end":{"line":150,"column":14},"skip":true},"50":{"start":{"line":158,"column":8},"end":{"line":158,"column":31},"skip":true},"51":{"start":{"line":160,"column":8},"end":{"line":160,"column":33},"skip":true},"52":{"start":{"line":161,"column":8},"end":{"line":161,"column":37},"skip":true},"53":{"start":{"line":162,"column":8},"end":{"line":162,"column":35},"skip":true},"54":{"start":{"line":164,"column":8},"end":{"line":164,"column":50},"skip":true},"55":{"start":{"line":166,"column":8},"end":{"line":256,"column":2},"skip":true},"56":{"start":{"line":258,"column":8},"end":{"line":286,"column":9},"skip":true},"57":{"start":{"line":259,"column":12},"end":{"line":269,"column":14},"skip":true},"58":{"start":{"line":271,"column":12},"end":{"line":285,"column":19},"skip":true},"59":{"start":{"line":274,"column":20},"end":{"line":274,"column":35},"skip":true},"60":{"start":{"line":275,"column":20},"end":{"line":284,"column":21},"skip":true},"61":{"start":{"line":277,"column":24},"end":{"line":277,"column":64},"skip":true},"62":{"start":{"line":279,"column":24},"end":{"line":279,"column":40},"skip":true},"63":{"start":{"line":281,"column":24},"end":{"line":281,"column":40},"skip":true},"64":{"start":{"line":283,"column":24},"end":{"line":283,"column":39},"skip":true},"65":{"start":{"line":288,"column":8},"end":{"line":290,"column":9},"skip":true},"66":{"start":{"line":289,"column":12},"end":{"line":289,"column":18},"skip":true},"67":{"start":{"line":291,"column":8},"end":{"line":293,"column":54},"skip":true},"68":{"start":{"line":296,"column":8},"end":{"line":301,"column":37},"skip":true},"69":{"start":{"line":303,"column":8},"end":{"line":303,"column":82},"skip":true},"70":{"start":{"line":306,"column":8},"end":{"line":308,"column":9},"skip":true},"71":{"start":{"line":307,"column":12},"end":{"line":307,"column":82},"skip":true},"72":{"start":{"line":310,"column":8},"end":{"line":312,"column":9},"skip":true},"73":{"start":{"line":311,"column":12},"end":{"line":311,"column":18},"skip":true},"74":{"start":{"line":313,"column":8},"end":{"line":313,"column":54},"skip":true},"75":{"start":{"line":314,"column":8},"end":{"line":314,"column":69},"skip":true},"76":{"start":{"line":315,"column":8},"end":{"line":323,"column":36},"skip":true},"77":{"start":{"line":316,"column":12},"end":{"line":316,"column":61},"skip":true},"78":{"start":{"line":317,"column":12},"end":{"line":320,"column":13},"skip":true},"79":{"start":{"line":318,"column":16},"end":{"line":318,"column":75},"skip":true},"80":{"start":{"line":319,"column":16},"end":{"line":319,"column":23},"skip":true},"81":{"start":{"line":321,"column":12},"end":{"line":321,"column":38},"skip":true},"82":{"start":{"line":322,"column":12},"end":{"line":322,"column":27},"skip":true},"83":{"start":{"line":324,"column":8},"end":{"line":324,"column":14},"skip":true}},"branchMap":{"1":{"line":39,"type":"binary-expr","locations":[{"start":{"line":39,"column":23},"end":{"line":39,"column":62}},{"start":{"line":40,"column":20},"end":{"line":40,"column":70}},{"start":{"line":41,"column":20},"end":{"line":41,"column":71}},{"start":{"line":42,"column":20},"end":{"line":42,"column":29}}]},"2":{"line":44,"type":"binary-expr","locations":[{"start":{"line":44,"column":23},"end":{"line":44,"column":37}},{"start":{"line":45,"column":20},"end":{"line":45,"column":61}},{"start":{"line":46,"column":20},"end":{"line":46,"column":70}},{"start":{"line":47,"column":20},"end":{"line":47,"column":26}}]},"3":{"line":51,"type":"cond-expr","locations":[{"start":{"line":52,"column":14},"end":{"line":52,"column":20}},{"start":{"line":53,"column":14},"end":{"line":53,"column":20}}]},"4":{"line":55,"type":"binary-expr","locations":[{"start":{"line":55,"column":16},"end":{"line":55,"column":44}},{"start":{"line":55,"column":49},"end":{"line":57,"column":43}}]},"5":{"line":55,"type":"cond-expr","locations":[{"start":{"line":56,"column":14},"end":{"line":56,"column":52}},{"start":{"line":57,"column":14},"end":{"line":57,"column":43}}]},"6":{"line":61,"type":"switch","locations":[{"start":{"line":68,"column":4},"end":{"line":150,"column":14},"skip":true},{"start":{"line":156,"column":4},"end":{"line":324,"column":14},"skip":true}]},"7":{"line":70,"type":"if","locations":[{"start":{"line":70,"column":12},"end":{"line":70,"column":12},"skip":true},{"start":{"line":70,"column":12},"end":{"line":70,"column":12},"skip":true}]},"8":{"line":70,"type":"binary-expr","locations":[{"start":{"line":70,"column":16},"end":{"line":70,"column":22},"skip":true},{"start":{"line":70,"column":27},"end":{"line":70,"column":32},"skip":true},{"start":{"line":71,"column":20},"end":{"line":71,"column":39},"skip":true},{"start":{"line":72,"column":20},"end":{"line":72,"column":49},"skip":true},{"start":{"line":73,"column":20},"end":{"line":73,"column":58},"skip":true},{"start":{"line":74,"column":20},"end":{"line":74,"column":69},"skip":true}]},"9":{"line":79,"type":"switch","locations":[{"start":{"line":80,"column":20},"end":{"line":80,"column":33},"skip":true},{"start":{"line":81,"column":20},"end":{"line":83,"column":30},"skip":true},{"start":{"line":84,"column":20},"end":{"line":85,"column":49},"skip":true}]},"10":{"line":89,"type":"switch","locations":[{"start":{"line":90,"column":12},"end":{"line":103,"column":22},"skip":true},{"start":{"line":105,"column":12},"end":{"line":106,"column":22},"skip":true}]},"11":{"line":89,"type":"binary-expr","locations":[{"start":{"line":89,"column":20},"end":{"line":89,"column":25},"skip":true},{"start":{"line":89,"column":29},"end":{"line":89,"column":48},"skip":true},{"start":{"line":89,"column":52},"end":{"line":89,"column":74},"skip":true}]},"12":{"line":92,"type":"if","locations":[{"start":{"line":92,"column":16},"end":{"line":92,"column":16},"skip":true},{"start":{"line":92,"column":16},"end":{"line":92,"column":16},"skip":true}]},"13":{"line":108,"type":"if","locations":[{"start":{"line":108,"column":12},"end":{"line":108,"column":12},"skip":true},{"start":{"line":108,"column":12},"end":{"line":108,"column":12},"skip":true}]},"14":{"line":108,"type":"binary-expr","locations":[{"start":{"line":108,"column":16},"end":{"line":108,"column":61},"skip":true},{"start":{"line":108,"column":66},"end":{"line":108,"column":72},"skip":true},{"start":{"line":108,"column":77},"end":{"line":108,"column":82},"skip":true},{"start":{"line":109,"column":20},"end":{"line":109,"column":39},"skip":true},{"start":{"line":110,"column":20},"end":{"line":110,"column":49},"skip":true},{"start":{"line":111,"column":20},"end":{"line":111,"column":58},"skip":true},{"start":{"line":112,"column":20},"end":{"line":112,"column":68},"skip":true}]},"15":{"line":129,"type":"if","locations":[{"start":{"line":129,"column":16},"end":{"line":129,"column":16},"skip":true},{"start":{"line":129,"column":16},"end":{"line":129,"column":16},"skip":true}]},"16":{"line":134,"type":"cond-expr","locations":[{"start":{"line":135,"column":26},"end":{"line":135,"column":29},"skip":true},{"start":{"line":136,"column":26},"end":{"line":136,"column":54},"skip":true}]},"17":{"line":164,"type":"binary-expr","locations":[{"start":{"line":164,"column":27},"end":{"line":164,"column":43},"skip":true},{"start":{"line":164,"column":47},"end":{"line":164,"column":49},"skip":true}]},"18":{"line":258,"type":"if","locations":[{"start":{"line":258,"column":8},"end":{"line":258,"column":8},"skip":true},{"start":{"line":258,"column":8},"end":{"line":258,"column":8},"skip":true}]},"19":{"line":275,"type":"switch","locations":[{"start":{"line":276,"column":20},"end":{"line":277,"column":64},"skip":true},{"start":{"line":278,"column":20},"end":{"line":279,"column":40},"skip":true},{"start":{"line":280,"column":20},"end":{"line":281,"column":40},"skip":true},{"start":{"line":282,"column":20},"end":{"line":283,"column":39},"skip":true}]},"20":{"line":288,"type":"if","locations":[{"start":{"line":288,"column":8},"end":{"line":288,"column":8},"skip":true},{"start":{"line":288,"column":8},"end":{"line":288,"column":8},"skip":true}]},"21":{"line":288,"type":"binary-expr","locations":[{"start":{"line":288,"column":12},"end":{"line":288,"column":40},"skip":true},{"start":{"line":288,"column":44},"end":{"line":288,"column":67},"skip":true}]},"22":{"line":292,"type":"binary-expr","locations":[{"start":{"line":292,"column":12},"end":{"line":292,"column":50},"skip":true},{"start":{"line":293,"column":12},"end":{"line":293,"column":53},"skip":true}]},"23":{"line":297,"type":"binary-expr","locations":[{"start":{"line":297,"column":12},"end":{"line":297,"column":66},"skip":true},{"start":{"line":298,"column":12},"end":{"line":301,"column":36},"skip":true}]},"24":{"line":303,"type":"binary-expr","locations":[{"start":{"line":303,"column":43},"end":{"line":303,"column":75},"skip":true},{"start":{"line":303,"column":79},"end":{"line":303,"column":81},"skip":true}]},"25":{"line":306,"type":"if","locations":[{"start":{"line":306,"column":8},"end":{"line":306,"column":8},"skip":true},{"start":{"line":306,"column":8},"end":{"line":306,"column":8},"skip":true}]},"26":{"line":310,"type":"if","locations":[{"start":{"line":310,"column":8},"end":{"line":310,"column":8},"skip":true},{"start":{"line":310,"column":8},"end":{"line":310,"column":8},"skip":true}]},"27":{"line":313,"type":"binary-expr","locations":[{"start":{"line":313,"column":27},"end":{"line":313,"column":43},"skip":true},{"start":{"line":313,"column":47},"end":{"line":313,"column":53},"skip":true}]},"28":{"line":317,"type":"if","locations":[{"start":{"line":317,"column":12},"end":{"line":317,"column":12},"skip":true},{"start":{"line":317,"column":12},"end":{"line":317,"column":12},"skip":true}]}},"code":["/*","example.js","","quickstart example","","instruction","    1. save this script as example.js","    2. run the shell command:","        $ npm install npmtest-gist-cli && PORT=8081 node example.js","    3. play with the browser-demo on http://127.0.0.1:8081","*/","","","","/* istanbul instrument in package npmtest_gist_cli */","/*jslint","    bitwise: true,","    browser: true,","    maxerr: 8,","    maxlen: 96,","    node: true,","    nomen: true,","    regexp: true,","    stupid: true","*/","(function () {","    'use strict';","    var local;","","","","    // run shared js-env code - pre-init","    (function () {","        // init local","        local = {};","        // init modeJs","        local.modeJs = (function () {","            try {","                return typeof navigator.userAgent === 'string' &&","                    typeof document.querySelector('body') === 'object' &&","                    typeof XMLHttpRequest.prototype.open === 'function' &&","                    'browser';","            } catch (errorCaughtBrowser) {","                return module.exports &&","                    typeof process.versions.node === 'string' &&","                    typeof require('http').createServer === 'function' &&","                    'node';","            }","        }());","        // init global","        local.global = local.modeJs === 'browser'","            ? window","            : global;","        // init utility2_rollup","        local = local.global.utility2_rollup || (local.modeJs === 'browser'","            ? local.global.utility2_npmtest_gist_cli","            : global.utility2_moduleExports);","        // export local","        local.global.local = local;","    }());","    switch (local.modeJs) {","","","","    // post-init","    // run browser js-env code - post-init","    /* istanbul ignore next */","    case 'browser':","        local.testRunBrowser = function (event) {","            if (!event || (event &&","                    event.currentTarget &&","                    event.currentTarget.className &&","                    event.currentTarget.className.includes &&","                    event.currentTarget.className.includes('onreset'))) {","                // reset output","                Array.from(","                    document.querySelectorAll('body > .resettable')","                ).forEach(function (element) {","                    switch (element.tagName) {","                    case 'INPUT':","                    case 'TEXTAREA':","                        element.value = '';","                        break;","                    default:","                        element.textContent = '';","                    }","                });","            }","            switch (event && event.currentTarget && event.currentTarget.id) {","            case 'testRunButton1':","                // show tests","                if (document.querySelector('#testReportDiv1').style.display === 'none') {","                    document.querySelector('#testReportDiv1').style.display = 'block';","                    document.querySelector('#testRunButton1').textContent =","                        'hide internal test';","                    local.modeTest = true;","                    local.testRunDefault(local);","                // hide tests","                } else {","                    document.querySelector('#testReportDiv1').style.display = 'none';","                    document.querySelector('#testRunButton1').textContent = 'run internal test';","                }","                break;","            // custom-case","            default:","                break;","            }","            if (document.querySelector('#inputTextareaEval1') && (!event || (event &&","                    event.currentTarget &&","                    event.currentTarget.className &&","                    event.currentTarget.className.includes &&","                    event.currentTarget.className.includes('oneval')))) {","                // try to eval input-code","                try {","                    /*jslint evil: true*/","                    eval(document.querySelector('#inputTextareaEval1').value);","                } catch (errorCaught) {","                    console.error(errorCaught);","                }","            }","        };","        // log stderr and stdout to #outputTextareaStdout1","        ['error', 'log'].forEach(function (key) {","            console[key + '_original'] = console[key];","            console[key] = function () {","                var element;","                console[key + '_original'].apply(console, arguments);","                element = document.querySelector('#outputTextareaStdout1');","                if (!element) {","                    return;","                }","                // append text to #outputTextareaStdout1","                element.value += Array.from(arguments).map(function (arg) {","                    return typeof arg === 'string'","                        ? arg","                        : JSON.stringify(arg, null, 4);","                }).join(' ') + '\\n';","                // scroll textarea to bottom","                element.scrollTop = element.scrollHeight;","            };","        });","        // init event-handling","        ['change', 'click', 'keyup'].forEach(function (event) {","            Array.from(document.querySelectorAll('.on' + event)).forEach(function (element) {","                element.addEventListener(event, local.testRunBrowser);","            });","        });","        // run tests","        local.testRunBrowser();","        break;","","","","    // run node js-env code - post-init","    /* istanbul ignore next */","    case 'node':","        // export local","        module.exports = local;","        // require modules","        local.fs = require('fs');","        local.http = require('http');","        local.url = require('url');","        // init assets","        local.assetsDict = local.assetsDict || {};","        /* jslint-ignore-begin */","        local.assetsDict['/assets.index.template.html'] = '\\","<!doctype html>\\n\\","<html lang=\"en\">\\n\\","<head>\\n\\","<meta charset=\"UTF-8\">\\n\\","<meta name=\"viewport\" content=\"width=device-width, initial-scale=1\">\\n\\","<title>{{env.npm_package_name}} (v{{env.npm_package_version}})</title>\\n\\","<style>\\n\\","/*csslint\\n\\","    box-sizing: false,\\n\\","    universal-selector: false\\n\\","*/\\n\\","* {\\n\\","    box-sizing: border-box;\\n\\","}\\n\\","body {\\n\\","    background: #dde;\\n\\","    font-family: Arial, Helvetica, sans-serif;\\n\\","    margin: 2rem;\\n\\","}\\n\\","body > * {\\n\\","    margin-bottom: 1rem;\\n\\","}\\n\\",".utility2FooterDiv {\\n\\","    margin-top: 20px;\\n\\","    text-align: center;\\n\\","}\\n\\","</style>\\n\\","<style>\\n\\","/*csslint\\n\\","*/\\n\\","textarea {\\n\\","    font-family: monospace;\\n\\","    height: 10rem;\\n\\","    width: 100%;\\n\\","}\\n\\","textarea[readonly] {\\n\\","    background: #ddd;\\n\\","}\\n\\","</style>\\n\\","</head>\\n\\","<body>\\n\\","<!-- utility2-comment\\n\\","<div id=\"ajaxProgressDiv1\" style=\"background: #d00; height: 2px; left: 0; margin: 0; padding: 0; position: fixed; top: 0; transition: background 0.5s, width 1.5s; width: 25%;\"></div>\\n\\","utility2-comment -->\\n\\","<h1>\\n\\","<!-- utility2-comment\\n\\","    <a\\n\\","        {{#if env.npm_package_homepage}}\\n\\","        href=\"{{env.npm_package_homepage}}\"\\n\\","        {{/if env.npm_package_homepage}}\\n\\","        target=\"_blank\"\\n\\","    >\\n\\","utility2-comment -->\\n\\","        {{env.npm_package_name}} (v{{env.npm_package_version}})\\n\\","<!-- utility2-comment\\n\\","    </a>\\n\\","utility2-comment -->\\n\\","</h1>\\n\\","<h3>{{env.npm_package_description}}</h3>\\n\\","<!-- utility2-comment\\n\\","<h4><a download href=\"assets.app.js\">download standalone app</a></h4>\\n\\","<button class=\"onclick onreset\" id=\"testRunButton1\">run internal test</button><br>\\n\\","<div id=\"testReportDiv1\" style=\"display: none;\"></div>\\n\\","utility2-comment -->\\n\\","\\n\\","\\n\\","\\n\\","<label>stderr and stdout</label>\\n\\","<textarea class=\"resettable\" id=\"outputTextareaStdout1\" readonly></textarea>\\n\\","<!-- utility2-comment\\n\\","{{#if isRollup}}\\n\\","<script src=\"assets.app.js\"></script>\\n\\","{{#unless isRollup}}\\n\\","utility2-comment -->\\n\\","<script src=\"assets.utility2.rollup.js\"></script>\\n\\","<script src=\"jsonp.utility2._stateInit?callback=window.utility2._stateInit\"></script>\\n\\","<script src=\"assets.npmtest_gist_cli.rollup.js\"></script>\\n\\","<script src=\"assets.example.js\"></script>\\n\\","<script src=\"assets.test.js\"></script>\\n\\","<!-- utility2-comment\\n\\","{{/if isRollup}}\\n\\","utility2-comment -->\\n\\","<div class=\"utility2FooterDiv\">\\n\\","    [ this app was created with\\n\\","    <a href=\"https://github.com/kaizhu256/node-utility2\" target=\"_blank\">utility2</a>\\n\\","    ]\\n\\","</div>\\n\\","</body>\\n\\","</html>\\n\\","';","        /* jslint-ignore-end */","        if (local.templateRender) {","            local.assetsDict['/'] = local.templateRender(","                local.assetsDict['/assets.index.template.html'],","                {","                    env: local.objectSetDefault(local.env, {","                        npm_package_description: 'the greatest app in the world!',","                        npm_package_name: 'my-app',","                        npm_package_nameAlias: 'my_app',","                        npm_package_version: '0.0.1'","                    })","                }","            );","        } else {","            local.assetsDict['/'] = local.assetsDict['/assets.index.template.html']","                .replace((/\\{\\{env\\.(\\w+?)\\}\\}/g), function (match0, match1) {","                    // jslint-hack","                    String(match0);","                    switch (match1) {","                    case 'npm_package_description':","                        return 'the greatest app in the world!';","                    case 'npm_package_name':","                        return 'my-app';","                    case 'npm_package_nameAlias':","                        return 'my_app';","                    case 'npm_package_version':","                        return '0.0.1';","                    }","                });","        }","        // run the cli","        if (local.global.utility2_rollup || module !== require.main) {","            break;","        }","        local.assetsDict['/assets.example.js'] =","            local.assetsDict['/assets.example.js'] ||","            local.fs.readFileSync(__filename, 'utf8');","        // bug-workaround - long $npm_package_buildCustomOrg","        /* jslint-ignore-begin */","        local.assetsDict['/assets.npmtest_gist_cli.rollup.js'] =","            local.assetsDict['/assets.npmtest_gist_cli.rollup.js'] ||","            local.fs.readFileSync(","                local.npmtest_gist_cli.__dirname + '/lib.npmtest_gist_cli.js',","                'utf8'","            ).replace((/^#!/), '//');","        /* jslint-ignore-end */","        local.assetsDict['/favicon.ico'] = local.assetsDict['/favicon.ico'] || '';","        // if $npm_config_timeout_exit exists,","        // then exit this process after $npm_config_timeout_exit ms","        if (Number(process.env.npm_config_timeout_exit)) {","            setTimeout(process.exit, Number(process.env.npm_config_timeout_exit));","        }","        // start server","        if (local.global.utility2_serverHttp1) {","            break;","        }","        process.env.PORT = process.env.PORT || '8081';","        console.error('server starting on port ' + process.env.PORT);","        local.http.createServer(function (request, response) {","            request.urlParsed = local.url.parse(request.url);","            if (local.assetsDict[request.urlParsed.pathname] !== undefined) {","                response.end(local.assetsDict[request.urlParsed.pathname]);","                return;","            }","            response.statusCode = 404;","            response.end();","        }).listen(process.env.PORT);","        break;","    }","}());",""],"l":{"26":2,"28":2,"33":2,"35":2,"37":2,"38":2,"39":2,"44":1,"51":2,"55":2,"59":2,"61":2,"69":1,"70":2,"76":2,"79":2,"82":2,"83":2,"85":1,"89":2,"92":1,"93":1,"94":1,"96":1,"97":1,"100":1,"101":1,"103":1,"106":1,"108":2,"114":1,"116":1,"118":1,"123":1,"124":2,"125":2,"126":3,"127":3,"128":3,"129":3,"130":1,"133":3,"134":3,"139":3,"143":1,"144":3,"145":1,"149":1,"150":1,"158":1,"160":1,"161":1,"162":1,"164":1,"166":1,"258":1,"259":1,"271":1,"274":6,"275":6,"277":1,"279":2,"281":1,"283":2,"288":1,"289":1,"291":1,"296":1,"303":1,"306":1,"307":1,"310":1,"311":1,"313":1,"314":1,"315":1,"316":1,"317":1,"318":1,"319":1,"321":1,"322":1,"324":1}},"/home/travis/build/npmtest/node-npmtest-gist-cli/node_modules/gist-cli/gist.js":{"path":"/home/travis/build/npmtest/node-npmtest-gist-cli/node_modules/gist-cli/gist.js","s":{"1":1,"2":1,"3":1,"4":1,"5":1,"6":1,"7":1,"8":1,"9":1,"10":1,"11":1,"12":1,"13":1,"14":1,"15":1,"16":1,"17":1,"18":1,"19":1,"20":1,"21":1,"22":1,"23":1,"24":1,"25":1,"26":1,"27":1,"28":1,"29":1,"30":0,"31":0,"32":0,"33":0,"34":1,"35":1,"36":0,"37":0,"38":0,"39":0,"40":0,"41":0,"42":0,"43":0,"44":0,"45":0,"46":0,"47":0,"48":0,"49":0,"50":0,"51":0,"52":0,"53":0,"54":0,"55":0,"56":0,"57":0,"58":0,"59":0,"60":0,"61":0,"62":0,"63":0,"64":0,"65":0,"66":0,"67":0,"68":0,"69":0,"70":0,"71":0,"72":0,"73":0,"74":0,"75":1,"76":0,"77":1,"78":1,"79":1,"80":0,"81":1,"82":0,"83":1,"84":1,"85":1,"86":0,"87":0,"88":1,"89":0,"90":0,"91":1,"92":0,"93":1,"94":0,"95":0,"96":0,"97":0,"98":1,"99":0,"100":0,"101":0,"102":0,"103":0,"104":0,"105":0,"106":0,"107":0,"108":0,"109":0,"110":0,"111":0,"112":0,"113":0,"114":0,"115":0,"116":0,"117":0,"118":0,"119":0,"120":0,"121":0,"122":0,"123":0,"124":0,"125":0,"126":0,"127":0,"128":0,"129":0,"130":0,"131":0,"132":0,"133":0,"134":0,"135":0,"136":0,"137":0,"138":1,"139":0,"140":1,"141":1,"142":1,"143":1,"144":1,"145":0,"146":0,"147":1,"148":0,"149":0,"150":0,"151":0,"152":1,"153":1,"154":1,"155":1,"156":1,"157":1,"158":1,"159":0,"160":0,"161":0,"162":0,"163":1,"164":0,"165":0,"166":0,"167":0,"168":0,"169":0,"170":0,"171":0,"172":0,"173":1,"174":1,"175":1,"176":1,"177":1,"178":1,"179":0,"180":0,"181":0,"182":0,"183":1,"184":0,"185":0,"186":0,"187":0,"188":0,"189":0,"190":0,"191":0,"192":0,"193":1,"194":0,"195":0,"196":0,"197":0,"198":0,"199":0,"200":0,"201":0,"202":0,"203":0,"204":0,"205":0,"206":0,"207":0,"208":0,"209":0,"210":0,"211":0,"212":0,"213":0,"214":0,"215":0,"216":0,"217":0,"218":0,"219":0,"220":0,"221":0,"222":0,"223":0,"224":1,"225":0,"226":0,"227":0,"228":0,"229":0,"230":0,"231":0,"232":0,"233":1,"234":1,"235":1,"236":1,"237":0,"238":0,"239":0,"240":0,"241":1,"242":1,"243":1,"244":1,"245":1,"246":0,"247":0,"248":0,"249":0,"250":0,"251":0,"252":1,"253":1,"254":1,"255":1,"256":1,"257":1,"258":1,"259":1,"260":1,"261":0,"262":0,"263":1,"264":0,"265":0,"266":0,"267":0,"268":0,"269":0,"270":0,"271":0,"272":0,"273":0,"274":0,"275":0,"276":0,"277":0,"278":0,"279":0,"280":0,"281":0,"282":0,"283":0,"284":0,"285":0,"286":0,"287":0,"288":0,"289":0,"290":0,"291":0,"292":0,"293":1,"294":0,"295":0,"296":0,"297":0,"298":0,"299":0,"300":1,"301":0,"302":0,"303":0,"304":0,"305":0,"306":0,"307":0,"308":0,"309":0,"310":0,"311":0,"312":0,"313":0,"314":0,"315":0},"b":{"1":[0,1],"2":[1,0],"3":[0,0,0,0,0,0,0,0,0,0,0,0,0,0,0,0,0,0,0,0,0,0,0,0,0,0,0,0,0,0],"4":[0,0],"5":[0,0],"6":[0,0],"7":[0,1],"8":[1,0],"9":[1,0],"10":[0,1],"11":[1,0],"12":[0,1],"13":[1,0],"14":[0,1],"15":[0,0],"16":[0,0],"17":[0,0],"18":[0,0],"19":[0,0],"20":[0,0],"21":[0,0],"22":[0,0],"23":[0,0],"24":[0,0],"25":[0,0,0],"26":[0,0],"27":[0,0],"28":[0,0],"29":[0,0],"30":[0,1],"31":[1,0],"32":[0,1],"33":[1,0],"34":[1,0],"35":[1,0],"36":[0,0],"37":[0,0],"38":[0,0],"39":[1,0],"40":[1,1],"41":[0,0],"42":[0,0],"43":[0,0],"44":[0,0],"45":[0,0],"46":[0,0],"47":[0,0],"48":[0,0,0,0],"49":[0,0],"50":[0,0],"51":[0,0],"52":[0,0],"53":[0,0],"54":[1,0],"55":[0,0],"56":[0,0,0],"57":[1,0],"58":[0,0],"59":[1,0],"60":[1,0],"61":[0,0],"62":[0,0],"63":[0,0],"64":[0,0],"65":[0,0],"66":[0,0],"67":[0,0],"68":[0,0],"69":[0,0],"70":[0,0]},"f":{"1":0,"2":7,"3":0,"4":0,"5":1,"6":0,"7":0,"8":0,"9":0,"10":0,"11":0,"12":0,"13":0,"14":1,"15":0,"16":1,"17":1,"18":0,"19":0,"20":1,"21":0,"22":0,"23":0,"24":0,"25":0,"26":0,"27":0,"28":0,"29":0,"30":0,"31":1,"32":1,"33":1,"34":1,"35":0,"36":1,"37":1,"38":0,"39":0,"40":0,"41":0,"42":0,"43":0,"44":0,"45":0,"46":0,"47":0,"48":0,"49":0,"50":0},"fnMap":{"1":{"name":"(anonymous_1)","line":33,"loc":{"start":{"line":33,"column":10},"end":{"line":33,"column":21}}},"2":{"name":"(anonymous_2)","line":38,"loc":{"start":{"line":38,"column":10},"end":{"line":38,"column":21}}},"3":{"name":"help","line":106,"loc":{"start":{"line":106,"column":0},"end":{"line":106,"column":16}}},"4":{"name":"version","line":122,"loc":{"start":{"line":122,"column":0},"end":{"line":122,"column":19}}},"5":{"name":"main","line":126,"loc":{"start":{"line":126,"column":0},"end":{"line":126,"column":16}}},"6":{"name":"(anonymous_6)","line":141,"loc":{"start":{"line":141,"column":12},"end":{"line":141,"column":31}}},"7":{"name":"onData","line":149,"loc":{"start":{"line":149,"column":0},"end":{"line":149,"column":32}}},"8":{"name":"(anonymous_8)","line":192,"loc":{"start":{"line":192,"column":21},"end":{"line":192,"column":36}}},"9":{"name":"(anonymous_9)","line":195,"loc":{"start":{"line":195,"column":19},"end":{"line":195,"column":31}}},"10":{"name":"(anonymous_10)","line":198,"loc":{"start":{"line":198,"column":18},"end":{"line":198,"column":29}}},"11":{"name":"(anonymous_11)","line":208,"loc":{"start":{"line":208,"column":25},"end":{"line":208,"column":36}}},"12":{"name":"(anonymous_12)","line":214,"loc":{"start":{"line":214,"column":21},"end":{"line":214,"column":43}}},"13":{"name":"copyUrl","line":223,"loc":{"start":{"line":223,"column":0},"end":{"line":223,"column":22}}},"14":{"name":"getAuth","line":227,"loc":{"start":{"line":227,"column":0},"end":{"line":227,"column":21}}},"15":{"name":"(anonymous_15)","line":238,"loc":{"start":{"line":238,"column":35},"end":{"line":238,"column":55}}},"16":{"name":"(anonymous_16)","line":244,"loc":{"start":{"line":244,"column":28},"end":{"line":244,"column":47}}},"17":{"name":"(anonymous_17)","line":247,"loc":{"start":{"line":247,"column":21},"end":{"line":247,"column":41}}},"18":{"name":"(anonymous_18)","line":250,"loc":{"start":{"line":250,"column":25},"end":{"line":250,"column":45}}},"19":{"name":"done","line":261,"loc":{"start":{"line":261,"column":2},"end":{"line":261,"column":26}}},"20":{"name":"getAuthFromCli","line":275,"loc":{"start":{"line":275,"column":0},"end":{"line":275,"column":28}}},"21":{"name":"(anonymous_21)","line":283,"loc":{"start":{"line":283,"column":44},"end":{"line":283,"column":63}}},"22":{"name":"getPassFromCli","line":291,"loc":{"start":{"line":291,"column":0},"end":{"line":291,"column":34}}},"23":{"name":"(anonymous_23)","line":297,"loc":{"start":{"line":297,"column":58},"end":{"line":297,"column":81}}},"24":{"name":"tokenize","line":306,"loc":{"start":{"line":306,"column":0},"end":{"line":306,"column":29}}},"25":{"name":"(anonymous_25)","line":332,"loc":{"start":{"line":332,"column":21},"end":{"line":332,"column":35}}},"26":{"name":"(anonymous_26)","line":335,"loc":{"start":{"line":335,"column":19},"end":{"line":335,"column":31}}},"27":{"name":"(anonymous_27)","line":338,"loc":{"start":{"line":338,"column":18},"end":{"line":338,"column":29}}},"28":{"name":"(anonymous_28)","line":355,"loc":{"start":{"line":355,"column":23},"end":{"line":355,"column":36}}},"29":{"name":"getOTP","line":367,"loc":{"start":{"line":367,"column":0},"end":{"line":367,"column":32}}},"30":{"name":"(anonymous_30)","line":376,"loc":{"start":{"line":376,"column":5},"end":{"line":376,"column":23}}},"31":{"name":"getAuthFromFile","line":384,"loc":{"start":{"line":384,"column":0},"end":{"line":384,"column":39}}},"32":{"name":"(anonymous_32)","line":386,"loc":{"start":{"line":386,"column":32},"end":{"line":386,"column":51}}},"33":{"name":"getAuthFromGit","line":396,"loc":{"start":{"line":396,"column":0},"end":{"line":396,"column":28}}},"34":{"name":"(anonymous_34)","line":398,"loc":{"start":{"line":398,"column":30},"end":{"line":398,"column":49}}},"35":{"name":"(anonymous_35)","line":402,"loc":{"start":{"line":402,"column":33},"end":{"line":402,"column":53}}},"36":{"name":"getConfFromGit","line":411,"loc":{"start":{"line":411,"column":0},"end":{"line":411,"column":33}}},"37":{"name":"(anonymous_37)","line":414,"loc":{"start":{"line":414,"column":49},"end":{"line":414,"column":79}}},"38":{"name":"saveAuth","line":422,"loc":{"start":{"line":422,"column":0},"end":{"line":422,"column":28}}},"39":{"name":"getData","line":430,"loc":{"start":{"line":430,"column":0},"end":{"line":430,"column":28}}},"40":{"name":"(anonymous_40)","line":438,"loc":{"start":{"line":438,"column":16},"end":{"line":438,"column":39}}},"41":{"name":"(anonymous_41)","line":446,"loc":{"start":{"line":446,"column":16},"end":{"line":446,"column":29}}},"42":{"name":"(anonymous_42)","line":452,"loc":{"start":{"line":452,"column":33},"end":{"line":452,"column":49}}},"43":{"name":"(anonymous_43)","line":455,"loc":{"start":{"line":455,"column":34},"end":{"line":455,"column":47}}},"44":{"name":"(anonymous_44)","line":458,"loc":{"start":{"line":458,"column":32},"end":{"line":458,"column":43}}},"45":{"name":"(anonymous_45)","line":464,"loc":{"start":{"line":464,"column":29},"end":{"line":464,"column":52}}},"46":{"name":"next","line":475,"loc":{"start":{"line":475,"column":2},"end":{"line":475,"column":20}}},"47":{"name":"getEditData","line":486,"loc":{"start":{"line":486,"column":0},"end":{"line":486,"column":25}}},"48":{"name":"(anonymous_48)","line":492,"loc":{"start":{"line":492,"column":15},"end":{"line":492,"column":29}}},"49":{"name":"(anonymous_49)","line":496,"loc":{"start":{"line":496,"column":19},"end":{"line":496,"column":31}}},"50":{"name":"(anonymous_50)","line":499,"loc":{"start":{"line":499,"column":18},"end":{"line":499,"column":29}}}},"statementMap":{"1":{"start":{"line":2,"column":0},"end":{"line":2,"column":32}},"2":{"start":{"line":3,"column":0},"end":{"line":3,"column":26}},"3":{"start":{"line":4,"column":0},"end":{"line":4,"column":22}},"4":{"start":{"line":5,"column":0},"end":{"line":5,"column":19}},"5":{"start":{"line":6,"column":0},"end":{"line":6,"column":20}},"6":{"start":{"line":7,"column":0},"end":{"line":7,"column":30}},"7":{"start":{"line":8,"column":0},"end":{"line":8,"column":40}},"8":{"start":{"line":9,"column":0},"end":{"line":9,"column":15}},"9":{"start":{"line":10,"column":0},"end":{"line":10,"column":16}},"10":{"start":{"line":11,"column":0},"end":{"line":11,"column":16}},"11":{"start":{"line":12,"column":0},"end":{"line":12,"column":16}},"12":{"start":{"line":13,"column":0},"end":{"line":13,"column":14}},"13":{"start":{"line":14,"column":0},"end":{"line":14,"column":17}},"14":{"start":{"line":15,"column":0},"end":{"line":15,"column":24}},"15":{"start":{"line":16,"column":0},"end":{"line":16,"column":44}},"16":{"start":{"line":17,"column":0},"end":{"line":17,"column":37}},"17":{"start":{"line":18,"column":0},"end":{"line":18,"column":31}},"18":{"start":{"line":19,"column":0},"end":{"line":19,"column":34}},"19":{"start":{"line":20,"column":0},"end":{"line":20,"column":36}},"20":{"start":{"line":21,"column":0},"end":{"line":21,"column":28}},"21":{"start":{"line":22,"column":0},"end":{"line":22,"column":26}},"22":{"start":{"line":23,"column":0},"end":{"line":23,"column":68}},"23":{"start":{"line":24,"column":0},"end":{"line":24,"column":16}},"24":{"start":{"line":25,"column":0},"end":{"line":25,"column":16}},"25":{"start":{"line":26,"column":0},"end":{"line":26,"column":16}},"26":{"start":{"line":27,"column":0},"end":{"line":27,"column":17}},"27":{"start":{"line":28,"column":0},"end":{"line":28,"column":24}},"28":{"start":{"line":30,"column":0},"end":{"line":30,"column":9}},"29":{"start":{"line":31,"column":0},"end":{"line":39,"column":1}},"30":{"start":{"line":32,"column":2},"end":{"line":32,"column":28}},"31":{"start":{"line":33,"column":2},"end":{"line":36,"column":3}},"32":{"start":{"line":34,"column":4},"end":{"line":34,"column":46}},"33":{"start":{"line":35,"column":4},"end":{"line":35,"column":28}},"34":{"start":{"line":38,"column":2},"end":{"line":38,"column":23}},"35":{"start":{"line":41,"column":0},"end":{"line":98,"column":1}},"36":{"start":{"line":42,"column":2},"end":{"line":97,"column":3}},"37":{"start":{"line":44,"column":6},"end":{"line":44,"column":22}},"38":{"start":{"line":45,"column":6},"end":{"line":45,"column":35}},"39":{"start":{"line":46,"column":6},"end":{"line":47,"column":25}},"40":{"start":{"line":47,"column":8},"end":{"line":47,"column":25}},"41":{"start":{"line":48,"column":6},"end":{"line":48,"column":32}},"42":{"start":{"line":49,"column":6},"end":{"line":49,"column":11}},"43":{"start":{"line":51,"column":6},"end":{"line":51,"column":18}},"44":{"start":{"line":52,"column":6},"end":{"line":52,"column":11}},"45":{"start":{"line":54,"column":6},"end":{"line":54,"column":23}},"46":{"start":{"line":55,"column":6},"end":{"line":55,"column":11}},"47":{"start":{"line":57,"column":6},"end":{"line":57,"column":23}},"48":{"start":{"line":58,"column":6},"end":{"line":58,"column":11}},"49":{"start":{"line":60,"column":6},"end":{"line":60,"column":42}},"50":{"start":{"line":61,"column":6},"end":{"line":61,"column":11}},"51":{"start":{"line":63,"column":6},"end":{"line":63,"column":18}},"52":{"start":{"line":64,"column":6},"end":{"line":64,"column":11}},"53":{"start":{"line":66,"column":6},"end":{"line":66,"column":20}},"54":{"start":{"line":67,"column":6},"end":{"line":67,"column":11}},"55":{"start":{"line":69,"column":6},"end":{"line":69,"column":21}},"56":{"start":{"line":70,"column":6},"end":{"line":70,"column":11}},"57":{"start":{"line":72,"column":6},"end":{"line":72,"column":22}},"58":{"start":{"line":73,"column":6},"end":{"line":73,"column":11}},"59":{"start":{"line":75,"column":6},"end":{"line":75,"column":29}},"60":{"start":{"line":76,"column":6},"end":{"line":76,"column":11}},"61":{"start":{"line":78,"column":6},"end":{"line":78,"column":17}},"62":{"start":{"line":79,"column":6},"end":{"line":79,"column":11}},"63":{"start":{"line":81,"column":6},"end":{"line":81,"column":18}},"64":{"start":{"line":82,"column":6},"end":{"line":82,"column":11}},"65":{"start":{"line":84,"column":6},"end":{"line":84,"column":15}},"66":{"start":{"line":85,"column":6},"end":{"line":85,"column":20}},"67":{"start":{"line":86,"column":6},"end":{"line":86,"column":11}},"68":{"start":{"line":88,"column":6},"end":{"line":88,"column":12}},"69":{"start":{"line":89,"column":6},"end":{"line":89,"column":20}},"70":{"start":{"line":90,"column":6},"end":{"line":90,"column":11}},"71":{"start":{"line":92,"column":6},"end":{"line":92,"column":17}},"72":{"start":{"line":93,"column":6},"end":{"line":93,"column":11}},"73":{"start":{"line":95,"column":6},"end":{"line":95,"column":25}},"74":{"start":{"line":96,"column":6},"end":{"line":96,"column":11}},"75":{"start":{"line":100,"column":0},"end":{"line":101,"column":15}},"76":{"start":{"line":101,"column":2},"end":{"line":101,"column":15}},"77":{"start":{"line":103,"column":0},"end":{"line":103,"column":18}},"78":{"start":{"line":103,"column":12},"end":{"line":103,"column":18}},"79":{"start":{"line":106,"column":0},"end":{"line":120,"column":1}},"80":{"start":{"line":107,"column":2},"end":{"line":119,"column":15}},"81":{"start":{"line":122,"column":0},"end":{"line":124,"column":1}},"82":{"start":{"line":123,"column":2},"end":{"line":123,"column":48}},"83":{"start":{"line":126,"column":0},"end":{"line":147,"column":1}},"84":{"start":{"line":127,"column":2},"end":{"line":127,"column":21}},"85":{"start":{"line":128,"column":2},"end":{"line":131,"column":3}},"86":{"start":{"line":129,"column":4},"end":{"line":129,"column":58}},"87":{"start":{"line":130,"column":4},"end":{"line":130,"column":19}},"88":{"start":{"line":133,"column":2},"end":{"line":136,"column":3}},"89":{"start":{"line":134,"column":4},"end":{"line":134,"column":55}},"90":{"start":{"line":135,"column":4},"end":{"line":135,"column":19}},"91":{"start":{"line":138,"column":2},"end":{"line":146,"column":6}},"92":{"start":{"line":139,"column":4},"end":{"line":139,"column":43}},"93":{"start":{"line":141,"column":4},"end":{"line":146,"column":6}},"94":{"start":{"line":142,"column":6},"end":{"line":142,"column":29}},"95":{"start":{"line":143,"column":6},"end":{"line":144,"column":16}},"96":{"start":{"line":144,"column":8},"end":{"line":144,"column":16}},"97":{"start":{"line":145,"column":6},"end":{"line":145,"column":45}},"98":{"start":{"line":149,"column":0},"end":{"line":221,"column":1}},"99":{"start":{"line":150,"column":2},"end":{"line":151,"column":12}},"100":{"start":{"line":151,"column":4},"end":{"line":151,"column":12}},"101":{"start":{"line":153,"column":2},"end":{"line":157,"column":3}},"102":{"start":{"line":159,"column":2},"end":{"line":168,"column":3}},"103":{"start":{"line":160,"column":4},"end":{"line":160,"column":59}},"104":{"start":{"line":161,"column":4},"end":{"line":161,"column":34}},"105":{"start":{"line":162,"column":4},"end":{"line":167,"column":5}},"106":{"start":{"line":163,"column":6},"end":{"line":166,"column":7}},"107":{"start":{"line":164,"column":8},"end":{"line":165,"column":30}},"108":{"start":{"line":165,"column":10},"end":{"line":165,"column":30}},"109":{"start":{"line":170,"column":2},"end":{"line":170,"column":41}},"110":{"start":{"line":172,"column":2},"end":{"line":172,"column":32}},"111":{"start":{"line":174,"column":2},"end":{"line":185,"column":3}},"112":{"start":{"line":187,"column":2},"end":{"line":188,"column":53}},"113":{"start":{"line":188,"column":4},"end":{"line":188,"column":53}},"114":{"start":{"line":190,"column":2},"end":{"line":190,"column":30}},"115":{"start":{"line":191,"column":2},"end":{"line":191,"column":30}},"116":{"start":{"line":192,"column":2},"end":{"line":219,"column":4}},"117":{"start":{"line":193,"column":4},"end":{"line":193,"column":19}},"118":{"start":{"line":194,"column":4},"end":{"line":194,"column":27}},"119":{"start":{"line":195,"column":4},"end":{"line":197,"column":6}},"120":{"start":{"line":196,"column":6},"end":{"line":196,"column":17}},"121":{"start":{"line":198,"column":4},"end":{"line":211,"column":6}},"122":{"start":{"line":199,"column":6},"end":{"line":199,"column":33}},"123":{"start":{"line":200,"column":6},"end":{"line":200,"column":29}},"124":{"start":{"line":201,"column":6},"end":{"line":201,"column":24}},"125":{"start":{"line":202,"column":6},"end":{"line":202,"column":49}},"126":{"start":{"line":203,"column":6},"end":{"line":203,"column":60}},"127":{"start":{"line":204,"column":6},"end":{"line":205,"column":19}},"128":{"start":{"line":205,"column":8},"end":{"line":205,"column":19}},"129":{"start":{"line":206,"column":6},"end":{"line":207,"column":20}},"130":{"start":{"line":207,"column":8},"end":{"line":207,"column":20}},"131":{"start":{"line":208,"column":6},"end":{"line":210,"column":8}},"132":{"start":{"line":209,"column":8},"end":{"line":209,"column":24}},"133":{"start":{"line":213,"column":4},"end":{"line":218,"column":5}},"134":{"start":{"line":214,"column":6},"end":{"line":217,"column":8}},"135":{"start":{"line":215,"column":8},"end":{"line":216,"column":18}},"136":{"start":{"line":216,"column":10},"end":{"line":216,"column":18}},"137":{"start":{"line":220,"column":2},"end":{"line":220,"column":15}},"138":{"start":{"line":223,"column":0},"end":{"line":225,"column":1}},"139":{"start":{"line":224,"column":2},"end":{"line":224,"column":36}},"140":{"start":{"line":227,"column":0},"end":{"line":273,"column":1}},"141":{"start":{"line":228,"column":2},"end":{"line":228,"column":18}},"142":{"start":{"line":229,"column":2},"end":{"line":229,"column":18}},"143":{"start":{"line":230,"column":2},"end":{"line":230,"column":44}},"144":{"start":{"line":231,"column":2},"end":{"line":234,"column":3}},"145":{"start":{"line":232,"column":4},"end":{"line":232,"column":25}},"146":{"start":{"line":233,"column":4},"end":{"line":233,"column":53}},"147":{"start":{"line":236,"column":2},"end":{"line":242,"column":3}},"148":{"start":{"line":237,"column":4},"end":{"line":237,"column":44}},"149":{"start":{"line":238,"column":4},"end":{"line":241,"column":6}},"150":{"start":{"line":239,"column":6},"end":{"line":239,"column":39}},"151":{"start":{"line":240,"column":6},"end":{"line":240,"column":20}},"152":{"start":{"line":244,"column":2},"end":{"line":259,"column":4}},"153":{"start":{"line":245,"column":4},"end":{"line":245,"column":38}},"154":{"start":{"line":246,"column":4},"end":{"line":258,"column":20}},"155":{"start":{"line":247,"column":6},"end":{"line":256,"column":8}},"156":{"start":{"line":248,"column":8},"end":{"line":248,"column":41}},"157":{"start":{"line":249,"column":8},"end":{"line":255,"column":24}},"158":{"start":{"line":250,"column":10},"end":{"line":253,"column":12}},"159":{"start":{"line":251,"column":12},"end":{"line":251,"column":45}},"160":{"start":{"line":252,"column":12},"end":{"line":252,"column":26}},"161":{"start":{"line":255,"column":10},"end":{"line":255,"column":24}},"162":{"start":{"line":258,"column":6},"end":{"line":258,"column":20}},"163":{"start":{"line":261,"column":2},"end":{"line":272,"column":3}},"164":{"start":{"line":262,"column":4},"end":{"line":263,"column":19}},"165":{"start":{"line":263,"column":6},"end":{"line":263,"column":19}},"166":{"start":{"line":264,"column":4},"end":{"line":264,"column":32}},"167":{"start":{"line":265,"column":4},"end":{"line":265,"column":34}},"168":{"start":{"line":266,"column":4},"end":{"line":270,"column":5}},"169":{"start":{"line":267,"column":6},"end":{"line":267,"column":30}},"170":{"start":{"line":268,"column":6},"end":{"line":268,"column":23}},"171":{"start":{"line":269,"column":6},"end":{"line":269,"column":30}},"172":{"start":{"line":271,"column":4},"end":{"line":271,"column":16}},"173":{"start":{"line":275,"column":0},"end":{"line":289,"column":1}},"174":{"start":{"line":277,"column":2},"end":{"line":280,"column":3}},"175":{"start":{"line":278,"column":4},"end":{"line":278,"column":64}},"176":{"start":{"line":279,"column":4},"end":{"line":279,"column":19}},"177":{"start":{"line":282,"column":2},"end":{"line":282,"column":15}},"178":{"start":{"line":283,"column":2},"end":{"line":288,"column":4}},"179":{"start":{"line":284,"column":4},"end":{"line":285,"column":19}},"180":{"start":{"line":285,"column":6},"end":{"line":285,"column":19}},"181":{"start":{"line":286,"column":4},"end":{"line":286,"column":27}},"182":{"start":{"line":287,"column":4},"end":{"line":287,"column":28}},"183":{"start":{"line":291,"column":0},"end":{"line":304,"column":1}},"184":{"start":{"line":292,"column":2},"end":{"line":295,"column":3}},"185":{"start":{"line":293,"column":4},"end":{"line":293,"column":64}},"186":{"start":{"line":294,"column":4},"end":{"line":294,"column":19}},"187":{"start":{"line":297,"column":2},"end":{"line":303,"column":4}},"188":{"start":{"line":298,"column":4},"end":{"line":299,"column":19}},"189":{"start":{"line":299,"column":6},"end":{"line":299,"column":19}},"190":{"start":{"line":300,"column":4},"end":{"line":300,"column":30}},"191":{"start":{"line":301,"column":4},"end":{"line":301,"column":24}},"192":{"start":{"line":302,"column":4},"end":{"line":302,"column":22}},"193":{"start":{"line":306,"column":0},"end":{"line":365,"column":1}},"194":{"start":{"line":310,"column":2},"end":{"line":313,"column":5}},"195":{"start":{"line":314,"column":2},"end":{"line":325,"column":3}},"196":{"start":{"line":327,"column":2},"end":{"line":328,"column":40}},"197":{"start":{"line":328,"column":4},"end":{"line":328,"column":40}},"198":{"start":{"line":330,"column":2},"end":{"line":330,"column":28}},"199":{"start":{"line":331,"column":2},"end":{"line":331,"column":17}},"200":{"start":{"line":332,"column":2},"end":{"line":361,"column":4}},"201":{"start":{"line":333,"column":4},"end":{"line":333,"column":23}},"202":{"start":{"line":334,"column":4},"end":{"line":334,"column":27}},"203":{"start":{"line":335,"column":4},"end":{"line":337,"column":6}},"204":{"start":{"line":336,"column":6},"end":{"line":336,"column":17}},"205":{"start":{"line":338,"column":4},"end":{"line":360,"column":6}},"206":{"start":{"line":339,"column":6},"end":{"line":339,"column":33}},"207":{"start":{"line":340,"column":6},"end":{"line":350,"column":7}},"208":{"start":{"line":341,"column":8},"end":{"line":341,"column":47}},"209":{"start":{"line":342,"column":8},"end":{"line":342,"column":45}},"210":{"start":{"line":343,"column":8},"end":{"line":347,"column":9}},"211":{"start":{"line":345,"column":10},"end":{"line":345,"column":51}},"212":{"start":{"line":346,"column":10},"end":{"line":346,"column":39}},"213":{"start":{"line":348,"column":8},"end":{"line":348,"column":62}},"214":{"start":{"line":349,"column":8},"end":{"line":349,"column":37}},"215":{"start":{"line":351,"column":6},"end":{"line":351,"column":41}},"216":{"start":{"line":352,"column":6},"end":{"line":352,"column":31}},"217":{"start":{"line":354,"column":6},"end":{"line":359,"column":22}},"218":{"start":{"line":355,"column":8},"end":{"line":357,"column":10}},"219":{"start":{"line":356,"column":10},"end":{"line":356,"column":22}},"220":{"start":{"line":359,"column":8},"end":{"line":359,"column":22}},"221":{"start":{"line":362,"column":2},"end":{"line":362,"column":21}},"222":{"start":{"line":363,"column":2},"end":{"line":363,"column":17}},"223":{"start":{"line":364,"column":2},"end":{"line":364,"column":11}},"224":{"start":{"line":367,"column":0},"end":{"line":382,"column":1}},"225":{"start":{"line":368,"column":2},"end":{"line":371,"column":3}},"226":{"start":{"line":369,"column":4},"end":{"line":369,"column":64}},"227":{"start":{"line":370,"column":4},"end":{"line":370,"column":19}},"228":{"start":{"line":373,"column":2},"end":{"line":381,"column":4}},"229":{"start":{"line":377,"column":4},"end":{"line":378,"column":19}},"230":{"start":{"line":378,"column":6},"end":{"line":378,"column":19}},"231":{"start":{"line":379,"column":4},"end":{"line":379,"column":25}},"232":{"start":{"line":380,"column":4},"end":{"line":380,"column":22}},"233":{"start":{"line":384,"column":0},"end":{"line":394,"column":1}},"234":{"start":{"line":386,"column":2},"end":{"line":393,"column":4}},"235":{"start":{"line":387,"column":4},"end":{"line":388,"column":19}},"236":{"start":{"line":388,"column":6},"end":{"line":388,"column":19}},"237":{"start":{"line":389,"column":4},"end":{"line":389,"column":26}},"238":{"start":{"line":390,"column":4},"end":{"line":391,"column":56}},"239":{"start":{"line":391,"column":6},"end":{"line":391,"column":56}},"240":{"start":{"line":392,"column":4},"end":{"line":392,"column":30}},"241":{"start":{"line":396,"column":0},"end":{"line":409,"column":1}},"242":{"start":{"line":397,"column":2},"end":{"line":397,"column":15}},"243":{"start":{"line":398,"column":2},"end":{"line":408,"column":4}},"244":{"start":{"line":399,"column":4},"end":{"line":400,"column":19}},"245":{"start":{"line":400,"column":6},"end":{"line":400,"column":19}},"246":{"start":{"line":401,"column":4},"end":{"line":401,"column":20}},"247":{"start":{"line":402,"column":4},"end":{"line":407,"column":6}},"248":{"start":{"line":403,"column":6},"end":{"line":404,"column":21}},"249":{"start":{"line":404,"column":8},"end":{"line":404,"column":21}},"250":{"start":{"line":405,"column":6},"end":{"line":405,"column":24}},"251":{"start":{"line":406,"column":6},"end":{"line":406,"column":20}},"252":{"start":{"line":411,"column":0},"end":{"line":420,"column":1}},"253":{"start":{"line":412,"column":2},"end":{"line":412,"column":68}},"254":{"start":{"line":413,"column":2},"end":{"line":413,"column":32}},"255":{"start":{"line":414,"column":2},"end":{"line":419,"column":4}},"256":{"start":{"line":415,"column":4},"end":{"line":415,"column":53}},"257":{"start":{"line":416,"column":4},"end":{"line":417,"column":19}},"258":{"start":{"line":417,"column":6},"end":{"line":417,"column":19}},"259":{"start":{"line":418,"column":4},"end":{"line":418,"column":25}},"260":{"start":{"line":422,"column":0},"end":{"line":428,"column":1}},"261":{"start":{"line":423,"column":2},"end":{"line":426,"column":4}},"262":{"start":{"line":427,"column":2},"end":{"line":427,"column":46}},"263":{"start":{"line":430,"column":0},"end":{"line":484,"column":1}},"264":{"start":{"line":431,"column":2},"end":{"line":431,"column":26}},"265":{"start":{"line":432,"column":2},"end":{"line":433,"column":19}},"266":{"start":{"line":433,"column":4},"end":{"line":433,"column":19}},"267":{"start":{"line":435,"column":2},"end":{"line":435,"column":22}},"268":{"start":{"line":436,"column":2},"end":{"line":442,"column":3}},"269":{"start":{"line":437,"column":4},"end":{"line":437,"column":7}},"270":{"start":{"line":438,"column":4},"end":{"line":441,"column":6}},"271":{"start":{"line":439,"column":6},"end":{"line":439,"column":26}},"272":{"start":{"line":440,"column":6},"end":{"line":440,"column":14}},"273":{"start":{"line":444,"column":2},"end":{"line":444,"column":21}},"274":{"start":{"line":445,"column":2},"end":{"line":445,"column":22}},"275":{"start":{"line":446,"column":2},"end":{"line":473,"column":4}},"276":{"start":{"line":447,"column":4},"end":{"line":472,"column":5}},"277":{"start":{"line":448,"column":6},"end":{"line":462,"column":7}},"278":{"start":{"line":449,"column":8},"end":{"line":449,"column":23}},"279":{"start":{"line":450,"column":8},"end":{"line":450,"column":26}},"280":{"start":{"line":451,"column":8},"end":{"line":451,"column":41}},"281":{"start":{"line":452,"column":8},"end":{"line":454,"column":10}},"282":{"start":{"line":453,"column":10},"end":{"line":453,"column":28}},"283":{"start":{"line":455,"column":8},"end":{"line":457,"column":10}},"284":{"start":{"line":456,"column":10},"end":{"line":456,"column":18}},"285":{"start":{"line":458,"column":8},"end":{"line":461,"column":10}},"286":{"start":{"line":459,"column":10},"end":{"line":459,"column":65}},"287":{"start":{"line":460,"column":10},"end":{"line":460,"column":16}},"288":{"start":{"line":464,"column":6},"end":{"line":471,"column":8}},"289":{"start":{"line":465,"column":8},"end":{"line":470,"column":9}},"290":{"start":{"line":466,"column":10},"end":{"line":466,"column":18}},"291":{"start":{"line":468,"column":10},"end":{"line":468,"column":70}},"292":{"start":{"line":469,"column":10},"end":{"line":469,"column":16}},"293":{"start":{"line":475,"column":2},"end":{"line":483,"column":3}},"294":{"start":{"line":476,"column":4},"end":{"line":482,"column":5}},"295":{"start":{"line":477,"column":6},"end":{"line":477,"column":12}
[...]
"start":{"line":343,"column":8},"end":{"line":343,"column":8}}]},"48":{"line":343,"type":"binary-expr","locations":[{"start":{"line":343,"column":12},"end":{"line":343,"column":34}},{"start":{"line":344,"column":12},"end":{"line":344,"column":21}},{"start":{"line":344,"column":25},"end":{"line":344,"column":28}},{"start":{"line":344,"column":32},"end":{"line":344,"column":56}}]},"49":{"line":348,"type":"binary-expr","locations":[{"start":{"line":348,"column":22},"end":{"line":348,"column":36}},{"start":{"line":348,"column":40},"end":{"line":348,"column":62}}]},"50":{"line":354,"type":"if","locations":[{"start":{"line":354,"column":6},"end":{"line":354,"column":6}},{"start":{"line":354,"column":6},"end":{"line":354,"column":6}}]},"51":{"line":368,"type":"if","locations":[{"start":{"line":368,"column":2},"end":{"line":368,"column":2}},{"start":{"line":368,"column":2},"end":{"line":368,"column":2}}]},"52":{"line":368,"type":"binary-expr","locations":[{"start":{"line":368,"column":6},"end":{"line":368,"column":31}},{"start":{"line":368,"column":35},"end":{"line":368,"column":40}}]},"53":{"line":377,"type":"if","locations":[{"start":{"line":377,"column":4},"end":{"line":377,"column":4}},{"start":{"line":377,"column":4},"end":{"line":377,"column":4}}]},"54":{"line":387,"type":"if","locations":[{"start":{"line":387,"column":4},"end":{"line":387,"column":4}},{"start":{"line":387,"column":4},"end":{"line":387,"column":4}}]},"55":{"line":390,"type":"if","locations":[{"start":{"line":390,"column":4},"end":{"line":390,"column":4}},{"start":{"line":390,"column":4},"end":{"line":390,"column":4}}]},"56":{"line":390,"type":"binary-expr","locations":[{"start":{"line":390,"column":8},"end":{"line":390,"column":18}},{"start":{"line":390,"column":22},"end":{"line":390,"column":37}},{"start":{"line":390,"column":41},"end":{"line":390,"column":57}}]},"57":{"line":399,"type":"if","locations":[{"start":{"line":399,"column":4},"end":{"line":399,"column":4}},{"start":{"line":399,"column":4},"end":{"line":399,"column":4}}]},"58":{"line":403,"type":"if","locations":[{"start":{"line":403,"column":6},"end":{"line":403,"column":6}},{"start":{"line":403,"column":6},"end":{"line":403,"column":6}}]},"59":{"line":416,"type":"if","locations":[{"start":{"line":416,"column":4},"end":{"line":416,"column":4}},{"start":{"line":416,"column":4},"end":{"line":416,"column":4}}]},"60":{"line":416,"type":"binary-expr","locations":[{"start":{"line":416,"column":8},"end":{"line":416,"column":10}},{"start":{"line":416,"column":14},"end":{"line":416,"column":21}}]},"61":{"line":432,"type":"if","locations":[{"start":{"line":432,"column":2},"end":{"line":432,"column":2}},{"start":{"line":432,"column":2},"end":{"line":432,"column":2}}]},"62":{"line":432,"type":"binary-expr","locations":[{"start":{"line":432,"column":6},"end":{"line":432,"column":11}},{"start":{"line":432,"column":15},"end":{"line":432,"column":40}}]},"63":{"line":436,"type":"if","locations":[{"start":{"line":436,"column":2},"end":{"line":436,"column":2}},{"start":{"line":436,"column":2},"end":{"line":436,"column":2}}]},"64":{"line":447,"type":"if","locations":[{"start":{"line":447,"column":4},"end":{"line":447,"column":4}},{"start":{"line":447,"column":4},"end":{"line":447,"column":4}}]},"65":{"line":448,"type":"if","locations":[{"start":{"line":448,"column":6},"end":{"line":448,"column":6}},{"start":{"line":448,"column":6},"end":{"line":448,"column":6}}]},"66":{"line":465,"type":"if","locations":[{"start":{"line":465,"column":8},"end":{"line":465,"column":8}},{"start":{"line":465,"column":8},"end":{"line":465,"column":8}}]},"67":{"line":476,"type":"if","locations":[{"start":{"line":476,"column":4},"end":{"line":476,"column":4}},{"start":{"line":476,"column":4},"end":{"line":476,"column":4}}]},"68":{"line":478,"type":"if","locations":[{"start":{"line":478,"column":9},"end":{"line":478,"column":9}},{"start":{"line":478,"column":9},"end":{"line":478,"column":9}}]},"69":{"line":480,"type":"if","locations":[{"start":{"line":480,"column":9},"end":{"line":480,"column":9}},{"start":{"line":480,"column":9},"end":{"line":480,"column":9}}]},"70":{"line":503,"type":"if","locations":[{"start":{"line":503,"column":6},"end":{"line":503,"column":6}},{"start":{"line":503,"column":6},"end":{"line":503,"column":6}}]}},"code":["//#!/usr/bin/env node","var args = process.argv.slice(2)","var path = require('path')","var fs = require('fs')","var private = false","var description = ''","var opener = require('opener')","var copy = process.platform === 'darwin'","var open = true","var stdin = true","var anon = false","var type = 'txt'","var files = []","var doMain = true","var ini = require('ini')","var child_process = require('child_process')","var execFile = child_process.execFile","var spawn = child_process.spawn","var home = require('osenv').home()","var authFile = home + '/.gist-login'","var https = require('https')","var read = require('read')","var userAgent = 'node/gist-cli@' + require('./package.json').version","var argUN = null","var argPW = null","var edit = false","var prune = false","var url = require('url')","","var debug","if (process.env.NODE_DEBUG && /\\bgist\\b/.exec(process.env.NODE_DEBUG)) {","  var util = require('util')","  debug = function() {","    var m = util.format.apply(util, arguments)","    console.error('GIST', m)","  }","} else {","  debug = function() {}","}","","for (var a = 0; a < args.length; a++) {","  switch (args[a]) {","    case '-e': case '--edit':","      edit = args[++a]","      var p = url.parse(edit || '')","      if (p && p.host)","        edit = p.pathname","      edit = path.basename(edit)","      break","    case '--prune':","      prune = true","      break","    case '-u': case '--user': case '--username':","      argUN = args[++a]","      break","    case '-P': case '--pass': case '--password':","      argPW = args[++a]","      break","    case '-c': case '--copy':","      copy = process.platform === 'darwin'","      break","    case '--no-copy':","      copy = false","      break","    case '-p': case '--private':","      private = true","      break","    case '--no-private':","      private = false","      break","    case '-t': case '--type':","      type = args[++a]","      break","    case '-d': case '--description':","      description = args[++a]","      break","    case '-o': case '--open':","      open = true","      break","    case '--no-open':","      open = false","      break","    case '-v': case '--version':","      version()","      doMain = false","      break","    case '-h': case '--help':","      help()","      doMain = false","      break","    case '-a': case '--anon': case '--anonymous':","      anon = true","      break","    default:","      files.push(args[a])","      break","  }","}","","if (files.length !== 0 && files.indexOf('-') === -1)","  stdin = false","","if (doMain) main()","","","function help() {","  console.log([","    'Usage: gist [options] [filename, ...]',","    'Filename \\'-\\' forces gist to read from stdin.',","    'gist will read from stdin by default if no files specified',","    '    -p, --[no-]private               Make the gist private',","    '    -t, --type [EXTENSION]           Set syntax highlighting of the Gist by file extension',","    '                                     (Only applies to stdin data, filenames use extension)',","    '    -d, --description DESCRIPTION    Set description of the new gist',","    '    -o, --[no-]open                  Open gist in browser',","    '    -c, --[no-]copy                  Save url to clipboard (osx only)',","    '    -v, --version                    Print version',","    '    -h, --help                       Display this screen'","  ].join('\\n'))","}","","function version() {","  console.log(require('./package.json').version)","}","","function main() {","  debug('main start')","  if (anon && private) {","    console.error('Cannot create private anonymous gists')","    process.exit(1)","  }","","  if (prune && !edit) {","    console.error('--prune requires a --edit argument')","    process.exit(1)","  }","","  if (anon)","    getData(files, onData.bind(null, null))","  else","    getAuth(function(er, auth) {","      debug('auth', er, auth)","      if (er)","        throw er","      getData(files, onData.bind(null, auth))","    })","}","","function onData(auth, er, data) {","  if (er)","    throw er","","  var body = {","    description: description,","    public: !private && !anon,","    files: data.files","  }","","  if (data.edit) {","    body.description = description || data.edit.description","    body.public = data.edit.public","    if (prune) {","      for (var f in data.edit.files) {","        if (!body.files[f])","          body.files[f] = null","      }","    }","  }","","  body = new Buffer(JSON.stringify(body))","","  debug('body', body.toString())","","  var opt = {","    method: edit ? 'PATCH' : 'POST',","    host: 'api.github.com',","    port: 443,","    path: '/gists' + (edit ? '/' + edit : ''),","    headers: {","      host: 'api.github.com',","      'user-agent': userAgent,","      'content-length': body.length,","      'content-type': 'application/json'","    }","  }","","  if (!anon)","    opt.headers.authorization = 'token ' + auth.token","","  debug('making request', opt)","  var req = https.request(opt)","  req.on('response', function (res) {","    var result = ''","    res.setEncoding('utf8')","    res.on('data', function(c) {","      result += c","    })","    res.on('end', function() {","      result = JSON.parse(result)","      debug('result', result)","      var id = result.id","      var user = auth && auth.user || 'anonymous'","      var url = 'https://gist.github.com/' + user + '/' + id","      if (open)","        opener(url)","      if (copy)","        copyUrl(url)","      process.on('exit', function() {","        console.log(url)","      })","    })","","    if (auth) {","      saveAuth(auth, function (er, result) {","        if (er)","          throw er","      })","    }","  })","  req.end(body)","}","","function copyUrl(url) {","  spawn('pbcopy', []).stdin.end(url)","}","","function getAuth(cb) {","  var user = argUN","  var pass = argPW","  var argAuth = { user: argUN, pass: argPW }","  if (user && pass) {","    debug('auth on argv')","    return tokenize({ user: argUN, pass: argPW }, cb)","  }","","  if (user && !pass) {","    debug('user on argv, password required')","    return getPassFromCli(argAuth, function (er, auth) {","      debug('getPassFromCli', er, auth)","      done(er, auth)","    })","  }","","  getAuthFromFile(authFile, function(er, auth) {","    debug('getAuthFromFile', er, auth)","    if (er)","      getAuthFromGit(function (er, auth) {","        debug('getAuthFromGit', er, auth)","        if (er)","          getAuthFromCli(function (er, auth) {","            debug('getAuthFromCli', er, auth)","            done(er, auth)","          })","        else","          done(er, auth)","      })","    else","      done(er, auth)","  })","","  function done(er, auth) {","    if (er)","      return cb(er)","    auth.user = auth.user.trim()","    auth.token = auth.token.trim()","    if (argAuth.user && auth.user !== argAuth.user) {","      auth.user = argAuth.user","      delete auth.token","      auth.pass = argAuth.pass","    }","    cb(er, auth)","  }","}","","function getAuthFromCli(cb) {","  // can't read a file from stdin if we're reading login!","  if (files.indexOf('-') !== -1 || stdin) {","    debug('error: gisting stdin and also reading auth on stdin')","    process.exit(1)","  }","","  var data = {}","  read({ prompt: 'github.com username: ' }, function(er, user) {","    if (er)","      return cb(er)","    data.user = user.trim()","    getPassFromCli(data, cb)","  })","}","","function getPassFromCli(data, cb) {","  if (files.indexOf('-') !== -1 || stdin) {","    debug('error: gisting stdin and also reading auth on stdin')","    process.exit(1)","  }","","  read({ prompt: 'github.com password: ', silent: true }, function(er, password) {","    if (er)","      return cb(er)","    password = password.trim()","    data.pass = password","    tokenize(data, cb)","  })","}","","function tokenize (data, cb) {","  // curl -u isaacs \\","  //   -d '{\"scopes\":[\"gist\"],\"note\":\"gist cli access\"}' \\","  //   https://api.github.com/authorizations","  var body = new Buffer(JSON.stringify({","    scopes: [ 'gist' ],","    note: 'gist cli access'","  }))","  var r = {","    method: 'POST',","    host: 'api.github.com',","    headers: {","      'content-type': 'application/json',","      'content-length': body.length,","      'user-agent': userAgent,","      authorization: 'Basic ' +","        new Buffer(data.user + ':' + data.pass).toString('base64')","    },","    path: '/authorizations'","  }","","  if (data.otp)","    r.headers['X-GitHub-OTP'] = data.otp","","  var req = https.request(r)","  var result = ''","  req.on('response', function(res) {","    res.on('error', cb)","    res.setEncoding('utf8')","    res.on('data', function(c) {","      result += c","    })","    res.on('end', function() {","      result = JSON.parse(result)","      if (res.statusCode >= 400) {","        debug('failed', res.statusCode, result)","        var otp = res.headers['x-github-otp']","        if (res.statusCode === 401 &&","            !data.otp && otp && otp.match(/^required; /)) {","          var type = otp.replace(/^required; /, '')","          return getOTP(data, type, cb)","        }","        var message = result.message || JSON.stringify(result)","        return cb(new Error(message))","      }","      debug('ok', res.statusCode, result)","      data.token = result.token","      // just to make sure we don't waste this...","      if (files.length === 0)","        saveAuth(data, function(er) {","          cb(er, data)","        })","      else","        cb(null, data)","    })","  })","  req.on('error', cb)","  req.write(body)","  req.end()","}","","function getOTP(data, type, cb) {","  if (files.indexOf('-') !== -1 || stdin) {","    debug('error: gisting stdin and also reading auth on stdin')","    process.exit(1)","  }","","  read({","    prompt: 'two factor auth (' + type + '): ',","    silent: true","  }, function(er, otp) {","    if (er)","      return cb(er)","    data.otp = otp.trim()","    tokenize(data, cb)","  })","}","","function getAuthFromFile(authFile, cb) {","  // try to load from our file","  fs.readFile(authFile, 'utf8', function(er, data) {","    if (er)","      return cb(er)","    data = ini.parse(data)","    if (!data.gist || !data.gist.user || !data.gist.token)","      return cb(new Error('no login data in '+authFile))","    return cb(null, data.gist)","  })","}","","function getAuthFromGit(cb) {","  var data = {}","  getConfFromGit('gist.user', function(er, user) {","    if (er)","      return cb(er)","    data.user = user","    getConfFromGit('gist.token', function(er, token) {","      if (er)","        return cb(er)","      data.token = token","      cb(null, data)","    })","  })","}","","function getConfFromGit(key, cb) {","  debug('getConfFromGit', 'git', ['config', '--get', key].join(' '))","  var env = { env: process.env }","  execFile('git', ['config', '--get', key], env, function (er, stdout, stderr) {","    debug('back from git config', er, stdout, stderr)","    if (er || !stdout)","      debug(stderr)","    return cb(er, stdout)","  })","}","","function saveAuth(data, cb) {","  var d = { gist: {","    user: data.user,","    token: data.token","  }}","  fs.writeFile(authFile, ini.stringify(d), cb)","}","","function getData(files, cb) {","  var data = { files: {} }","  if (stdin && files.indexOf('-') === -1)","    files.push('-')","","  var c = files.length","  if (edit) {","    c++","    getEditData(function(er, editData) {","      data.edit = editData","      next(er)","    })","  }","","  var errState = null","  var didStdin = false","  files.forEach(function (f) {","    if (f === '-') {","      if (!didStdin) {","        didStdin = true","        var stdinData = ''","        process.stdin.setEncoding('utf8')","        process.stdin.on('data', function(chunk) {","          stdinData += chunk","        })","        process.stdin.on('error', function(er) {","          next(er)","        })","        process.stdin.on('end', function() {","          data.files['gistfile.' + type] = { content: stdinData }","          next()","        })","      }","    } else {","      fs.readFile(f, 'utf8', function(er, fileData) {","        if (er)","          next(er)","        else {","          data.files[f.replace(/\\\\|\\//g, '-')] = { content: fileData }","          next()","        }","      })","    }","  })","","  function next(er) {","    if (errState)","      return","    else if (er)","      return cb(errState = er)","    else if (--c === 0) {","      cb(null, data)","    }","  }","}","","function getEditData(cb) {","  debug('getEditData %s', 'https://api.github.com/gists/' + edit)","  var r = url.parse('https://api.github.com/gists/' + edit)","  r.headers = {","    'user-agent': userAgent,","  }","  https.get(r, function(res) {","    debug('getEditData', res.statusCode, res.headers)","    var j = ''","    res.setEncoding('utf8')","    res.on('data', function(c) {","      j += c","    })","    res.on('end', function() {","      debug(j)","      j = JSON.parse(j)","","      if (res.statusCode !== 200)","        cb(new Error('Invalid gist ID: ' + edit))","      else","        cb(null, j)","    })","  }).on('error', cb)","}",""],"l":{"2":1,"3":1,"4":1,"5":1,"6":1,"7":1,"8":1,"9":1,"10":1,"11":1,"12":1,"13":1,"14":1,"15":1,"16":1,"17":1,"18":1,"19":1,"20":1,"21":1,"22":1,"23":1,"24":1,"25":1,"26":1,"27":1,"28":1,"30":1,"31":1,"32":0,"33":0,"34":0,"35":0,"38":1,"41":1,"42":0,"44":0,"45":0,"46":0,"47":0,"48":0,"49":0,"51":0,"52":0,"54":0,"55":0,"57":0,"58":0,"60":0,"61":0,"63":0,"64":0,"66":0,"67":0,"69":0,"70":0,"72":0,"73":0,"75":0,"76":0,"78":0,"79":0,"81":0,"82":0,"84":0,"85":0,"86":0,"88":0,"89":0,"90":0,"92":0,"93":0,"95":0,"96":0,"100":1,"101":0,"103":1,"106":1,"107":0,"122":1,"123":0,"126":1,"127":1,"128":1,"129":0,"130":0,"133":1,"134":0,"135":0,"138":1,"139":0,"141":1,"142":0,"143":0,"144":0,"145":0,"149":1,"150":0,"151":0,"153":0,"159":0,"160":0,"161":0,"162":0,"163":0,"164":0,"165":0,"170":0,"172":0,"174":0,"187":0,"188":0,"190":0,"191":0,"192":0,"193":0,"194":0,"195":0,"196":0,"198":0,"199":0,"200":0,"201":0,"202":0,"203":0,"204":0,"205":0,"206":0,"207":0,"208":0,"209":0,"213":0,"214":0,"215":0,"216":0,"220":0,"223":1,"224":0,"227":1,"228":1,"229":1,"230":1,"231":1,"232":0,"233":0,"236":1,"237":0,"238":0,"239":0,"240":0,"244":1,"245":1,"246":1,"247":1,"248":1,"249":1,"250":1,"251":0,"252":0,"255":0,"258":0,"261":1,"262":0,"263":0,"264":0,"265":0,"266":0,"267":0,"268":0,"269":0,"271":0,"275":1,"277":1,"278":1,"279":1,"282":1,"283":1,"284":0,"285":0,"286":0,"287":0,"291":1,"292":0,"293":0,"294":0,"297":0,"298":0,"299":0,"300":0,"301":0,"302":0,"306":1,"310":0,"314":0,"327":0,"328":0,"330":0,"331":0,"332":0,"333":0,"334":0,"335":0,"336":0,"338":0,"339":0,"340":0,"341":0,"342":0,"343":0,"345":0,"346":0,"348":0,"349":0,"351":0,"352":0,"354":0,"355":0,"356":0,"359":0,"362":0,"363":0,"364":0,"367":1,"368":0,"369":0,"370":0,"373":0,"377":0,"378":0,"379":0,"380":0,"384":1,"386":1,"387":1,"388":1,"389":0,"390":0,"391":0,"392":0,"396":1,"397":1,"398":1,"399":1,"400":1,"401":0,"402":0,"403":0,"404":0,"405":0,"406":0,"411":1,"412":1,"413":1,"414":1,"415":1,"416":1,"417":1,"418":1,"422":1,"423":0,"427":0,"430":1,"431":0,"432":0,"433":0,"435":0,"436":0,"437":0,"438":0,"439":0,"440":0,"444":0,"445":0,"446":0,"447":0,"448":0,"449":0,"450":0,"451":0,"452":0,"453":0,"455":0,"456":0,"458":0,"459":0,"460":0,"464":0,"465":0,"466":0,"468":0,"469":0,"475":1,"476":0,"477":0,"478":0,"479":0,"480":0,"481":0,"486":1,"487":0,"488":0,"489":0,"492":0,"493":0,"494":0,"495":0,"496":0,"497":0,"499":0,"500":0,"501":0,"503":0,"504":0,"506":0}}}